#
# There is insufficient memory for the Java Runtime Environment to continue.
# Native memory allocation (malloc) failed to allocate 65552 bytes. Error detail: Chunk::new
# Possible reasons:
#   The system is out of physical RAM or swap space
#   This process is running with CompressedOops enabled, and the Java Heap may be blocking the growth of the native heap
# Possible solutions:
#   Reduce memory load on the system
#   Increase physical memory or swap space
#   Check if swap backing store is full
#   Decrease Java heap size (-Xmx/-Xms)
#   Decrease number of Java threads
#   Decrease Java thread stack sizes (-Xss)
#   Set larger code cache with -XX:ReservedCodeCacheSize=
#   JVM is running with Unscaled Compressed Oops mode in which the Java heap is
#     placed in the first 4GB address space. The Java Heap base address is the
#     maximum limit for the native heap growth. Please use -XX:HeapBaseMinAddress
#     to set the Java Heap base and to place the Java Heap above 4GB virtual address.
# This output file may be truncated or incomplete.
#
#  Out of Memory Error (arena.cpp:168), pid=4980, tid=5964
#
# JRE version: OpenJDK Runtime Environment (21.0.6) (build 21.0.6+-13368085-b895.109)
# Java VM: OpenJDK 64-Bit Server VM (21.0.6+-13368085-b895.109, mixed mode, tiered, compressed oops, compressed class ptrs, g1 gc, windows-amd64)
# No core dump will be written. Minidumps are not enabled by default on client versions of Windows
#

---------------  S U M M A R Y ------------

Command Line: --add-opens=java.base/java.lang=ALL-UNNAMED --add-opens=java.base/java.lang.invoke=ALL-UNNAMED --add-opens=java.base/java.util=ALL-UNNAMED --add-opens=java.prefs/java.util.prefs=ALL-UNNAMED --add-exports=jdk.compiler/com.sun.tools.javac.api=ALL-UNNAMED --add-exports=jdk.compiler/com.sun.tools.javac.util=ALL-UNNAMED --add-opens=java.base/java.util=ALL-UNNAMED --add-opens=java.prefs/java.util.prefs=ALL-UNNAMED --add-opens=java.base/java.nio.charset=ALL-UNNAMED --add-opens=java.base/java.net=ALL-UNNAMED --add-opens=java.base/java.util.concurrent.atomic=ALL-UNNAMED --add-opens=java.xml/javax.xml.namespace=ALL-UNNAMED -Xmx2048m -Dfile.encoding=UTF-8 -Duser.country=CN -Duser.language=zh -Duser.variant -javaagent:C:\Users\Administrator\.gradle\wrapper\dists\gradle-8.11.1-bin\eac4u065zwes5phgltp5f9b9e\gradle-8.11.1\lib\agents\gradle-instrumentation-agent-8.11.1.jar org.gradle.launcher.daemon.bootstrap.GradleDaemon 8.11.1

Host: AMD Ryzen 5 2500U with Radeon Vega Mobile Gfx  , 8 cores, 6G,  Windows 10 , 64 bit Build 19041 (10.0.19041.7291)
Time: Thu Jun 25 13:22:25 2026  Windows 10 , 64 bit Build 19041 (10.0.19041.7291) elapsed time: 7.969811 seconds (0d 0h 0m 7s)

---------------  T H R E A D  ---------------

Current thread (0x000001b6d28374b0):  JavaThread "C2 CompilerThread1" daemon [_thread_in_native, id=5964, stack(0x000000999cd00000,0x000000999ce00000) (1024K)]


Current CompileTask:
C2:7970 2777       4       java.lang.invoke.MethodType::makeImpl (109 bytes)

Stack: [0x000000999cd00000,0x000000999ce00000]
Native frames: (J=compiled Java code, j=interpreted, Vv=VM code, C=native code)
V  [jvm.dll+0x6d0639]
V  [jvm.dll+0x85eb03]
V  [jvm.dll+0x86105e]
V  [jvm.dll+0x861743]
V  [jvm.dll+0x27e6e6]
V  [jvm.dll+0xbff6d]
V  [jvm.dll+0xc04a3]
V  [jvm.dll+0xce89d]
V  [jvm.dll+0x5ea4cd]
V  [jvm.dll+0x5e919f]
V  [jvm.dll+0x5e886e]
V  [jvm.dll+0x5e8881]
V  [jvm.dll+0x5e8881]
V  [jvm.dll+0x5e8881]
V  [jvm.dll+0x5e8881]
V  [jvm.dll+0x5e8881]
V  [jvm.dll+0x5e8881]
V  [jvm.dll+0x5e8881]
V  [jvm.dll+0x5e8881]
V  [jvm.dll+0x5e8881]
V  [jvm.dll+0x5e8881]
V  [jvm.dll+0x5e8881]
V  [jvm.dll+0x5e8881]
V  [jvm.dll+0x5e8881]
V  [jvm.dll+0x5e8881]
V  [jvm.dll+0x5e8881]
V  [jvm.dll+0x5e8881]
V  [jvm.dll+0x5e8881]
V  [jvm.dll+0x5e8881]
V  [jvm.dll+0x5e8881]
V  [jvm.dll+0x5e8881]
V  [jvm.dll+0x5e8881]
V  [jvm.dll+0x5fab6a]
V  [jvm.dll+0x250d92]
V  [jvm.dll+0x24963a]
V  [jvm.dll+0x24714e]
V  [jvm.dll+0x1c5f04]
V  [jvm.dll+0x2569ac]
V  [jvm.dll+0x254ef6]
V  [jvm.dll+0x3f0e96]
V  [jvm.dll+0x806ed8]
V  [jvm.dll+0x6cef0d]
C  [ucrtbase.dll+0x21bb2]
C  [KERNEL32.DLL+0x17374]
C  [ntdll.dll+0x4cc91]


---------------  P R O C E S S  ---------------

Threads class SMR info:
_java_thread_list=0x000001b6d8bba080, length=25, elements={
0x000001b6baf44540, 0x000001b6d2813d50, 0x000001b6d28167b0, 0x000001b6d27fb1e0,
0x000001b6d28002e0, 0x000001b6d2800d30, 0x000001b6d27fce70, 0x000001b6d28282d0,
0x000001b6d2838250, 0x000001b6d25c1190, 0x000001b6d2b124b0, 0x000001b6d8701370,
0x000001b6d29fc470, 0x000001b6d7251eb0, 0x000001b6d7251390, 0x000001b6d7e2b1d0,
0x000001b6d7e2b830, 0x000001b6d7e2be90, 0x000001b6d7d4ba10, 0x000001b6d7d4dae0,
0x000001b6d7d4c0a0, 0x000001b6d7d4e170, 0x000001b6d7d4c730, 0x000001b6d7d4cdc0,
0x000001b6d28374b0
}

Java Threads: ( => current thread )
  0x000001b6baf44540 JavaThread "main"                              [_thread_blocked, id=11196, stack(0x000000999a600000,0x000000999a700000) (1024K)]
  0x000001b6d2813d50 JavaThread "Reference Handler"          daemon [_thread_blocked, id=16908, stack(0x000000999ae00000,0x000000999af00000) (1024K)]
  0x000001b6d28167b0 JavaThread "Finalizer"                  daemon [_thread_blocked, id=20060, stack(0x000000999af00000,0x000000999b000000) (1024K)]
  0x000001b6d27fb1e0 JavaThread "Signal Dispatcher"          daemon [_thread_blocked, id=14680, stack(0x000000999b000000,0x000000999b100000) (1024K)]
  0x000001b6d28002e0 JavaThread "Attach Listener"            daemon [_thread_blocked, id=1400, stack(0x000000999b100000,0x000000999b200000) (1024K)]
  0x000001b6d2800d30 JavaThread "Service Thread"             daemon [_thread_blocked, id=16468, stack(0x000000999b200000,0x000000999b300000) (1024K)]
  0x000001b6d27fce70 JavaThread "Monitor Deflation Thread"   daemon [_thread_blocked, id=18172, stack(0x000000999b300000,0x000000999b400000) (1024K)]
  0x000001b6d28282d0 JavaThread "C2 CompilerThread0"         daemon [_thread_in_native, id=4028, stack(0x000000999b400000,0x000000999b500000) (1024K)]
  0x000001b6d2838250 JavaThread "C1 CompilerThread0"         daemon [_thread_blocked, id=17876, stack(0x000000999b500000,0x000000999b600000) (1024K)]
  0x000001b6d25c1190 JavaThread "Common-Cleaner"             daemon [_thread_blocked, id=18048, stack(0x000000999b600000,0x000000999b700000) (1024K)]
  0x000001b6d2b124b0 JavaThread "Notification Thread"        daemon [_thread_blocked, id=4268, stack(0x000000999b700000,0x000000999b800000) (1024K)]
  0x000001b6d8701370 JavaThread "Daemon health stats"               [_thread_blocked, id=17212, stack(0x000000999bd00000,0x000000999be00000) (1024K)]
  0x000001b6d29fc470 JavaThread "Incoming local TCP Connector on port 52058"        [_thread_in_native, id=1992, stack(0x000000999be00000,0x000000999bf00000) (1024K)]
  0x000001b6d7251eb0 JavaThread "Daemon periodic checks"            [_thread_blocked, id=12272, stack(0x000000999bf00000,0x000000999c000000) (1024K)]
  0x000001b6d7251390 JavaThread "Daemon"                            [_thread_blocked, id=20172, stack(0x000000999c000000,0x000000999c100000) (1024K)]
  0x000001b6d7e2b1d0 JavaThread "Handler for socket connection from /127.0.0.1:52058 to /127.0.0.1:52059"        [_thread_in_native, id=13300, stack(0x000000999c100000,0x000000999c200000) (1024K)]
  0x000001b6d7e2b830 JavaThread "Cancel handler"                    [_thread_blocked, id=8036, stack(0x000000999c200000,0x000000999c300000) (1024K)]
  0x000001b6d7e2be90 JavaThread "Daemon worker"                     [_thread_in_vm, id=11760, stack(0x000000999c300000,0x000000999c400000) (1024K)]
  0x000001b6d7d4ba10 JavaThread "Asynchronous log dispatcher for DefaultDaemonConnection: socket connection from /127.0.0.1:52058 to /127.0.0.1:52059"        [_thread_blocked, id=18168, stack(0x000000999c400000,0x000000999c500000) (1024K)]
  0x000001b6d7d4dae0 JavaThread "Stdin handler"                     [_thread_blocked, id=16856, stack(0x000000999c500000,0x000000999c600000) (1024K)]
  0x000001b6d7d4c0a0 JavaThread "Daemon client event forwarder"        [_thread_blocked, id=5168, stack(0x000000999c600000,0x000000999c700000) (1024K)]
  0x000001b6d7d4e170 JavaThread "Cache worker for journal cache (C:\Users\Administrator\.gradle\caches\journal-1)"        [_thread_blocked, id=4120, stack(0x000000999ca00000,0x000000999cb00000) (1024K)]
  0x000001b6d7d4c730 JavaThread "File lock request listener"        [_thread_in_native, id=17780, stack(0x000000999cb00000,0x000000999cc00000) (1024K)]
  0x000001b6d7d4cdc0 JavaThread "Cache worker for file hash cache (C:\Users\Administrator\.gradle\caches\8.11.1\fileHashes)"        [_thread_blocked, id=18092, stack(0x000000999cc00000,0x000000999cd00000) (1024K)]
=>0x000001b6d28374b0 JavaThread "C2 CompilerThread1"         daemon [_thread_in_native, id=5964, stack(0x000000999cd00000,0x000000999ce00000) (1024K)]
Total: 25

Other Threads:
  0x000001b6d264eb10 VMThread "VM Thread"                           [id=1120, stack(0x000000999ad00000,0x000000999ae00000) (1024K)]
  0x000001b6d25c07c0 WatcherThread "VM Periodic Task Thread"        [id=11364, stack(0x000000999ac00000,0x000000999ad00000) (1024K)]
  0x000001b6b8ece030 WorkerThread "GC Thread#0"                     [id=724, stack(0x000000999a700000,0x000000999a800000) (1024K)]
  0x000001b6d733d6f0 WorkerThread "GC Thread#1"                     [id=6064, stack(0x000000999b800000,0x000000999b900000) (1024K)]
  0x000001b6d7477770 WorkerThread "GC Thread#2"                     [id=17156, stack(0x000000999b900000,0x000000999ba00000) (1024K)]
  0x000001b6d7477b10 WorkerThread "GC Thread#3"                     [id=6124, stack(0x000000999ba00000,0x000000999bb00000) (1024K)]
  0x000001b6d7d3ec60 WorkerThread "GC Thread#4"                     [id=14332, stack(0x000000999bb00000,0x000000999bc00000) (1024K)]
  0x000001b6d7e6f100 WorkerThread "GC Thread#5"                     [id=19620, stack(0x000000999bc00000,0x000000999bd00000) (1024K)]
  0x000001b6d7e18a50 WorkerThread "GC Thread#6"                     [id=15800, stack(0x000000999c700000,0x000000999c800000) (1024K)]
  0x000001b6d7e18df0 WorkerThread "GC Thread#7"                     [id=11584, stack(0x000000999c800000,0x000000999c900000) (1024K)]
  0x000001b6bafa9ce0 ConcurrentGCThread "G1 Main Marker"            [id=1548, stack(0x000000999a800000,0x000000999a900000) (1024K)]
  0x000001b6bafaad90 WorkerThread "G1 Conc#0"                       [id=7456, stack(0x000000999a900000,0x000000999aa00000) (1024K)]
  0x000001b6d7102b70 WorkerThread "G1 Conc#1"                       [id=15552, stack(0x000000999c900000,0x000000999ca00000) (1024K)]
  0x000001b6d24944e0 ConcurrentGCThread "G1 Refine#0"               [id=16232, stack(0x000000999aa00000,0x000000999ab00000) (1024K)]
  0x000001b6d2494d00 ConcurrentGCThread "G1 Service"                [id=3056, stack(0x000000999ab00000,0x000000999ac00000) (1024K)]
Total: 15

Threads with active compile tasks:
C2 CompilerThread0  8073 2858       4       java.lang.Class::getPackageName (81 bytes)
C1 CompilerThread0  8074 2860       1       jdk.internal.event.ThreadSleepEvent::isEnabled (2 bytes)
C2 CompilerThread1  8074 2777       4       java.lang.invoke.MethodType::makeImpl (109 bytes)
Total: 3

VM state: not at safepoint (normal execution)

VM Mutex/Monitor currently owned by a thread: None

Heap address: 0x0000000080000000, size: 2048 MB, Compressed Oops mode: 32-bit

CDS archive(s) not mapped
Compressed class space mapped at: 0x0000000100000000-0x0000000140000000, reserved size: 1073741824
Narrow klass base: 0x0000000000000000, Narrow klass shift: 3, Narrow klass range: 0x140000000

GC Precious Log:
 CardTable entry size: 512
 Card Set container configuration: InlinePtr #cards 5 size 8 Array Of Cards #cards 12 size 40 Howl #buckets 4 coarsen threshold 1843 Howl Bitmap #cards 512 size 80 coarsen threshold 460 Card regions per heap region 1 cards per card region 2048
 CPUs: 8 total, 8 available
 Memory: 7069M
 Large Page Support: Disabled
 NUMA Support: Disabled
 Compressed Oops: Enabled (32-bit)
 Heap Region Size: 1M
 Heap Min Capacity: 8M
 Heap Initial Capacity: 112M
 Heap Max Capacity: 2G
 Pre-touch: Disabled
 Parallel Workers: 8
 Concurrent Workers: 2
 Concurrent Refinement Workers: 8
 Periodic GC: Disabled

Heap:
 garbage-first heap   total 71680K, used 60285K [0x0000000080000000, 0x0000000100000000)
  region size 1024K, 49 young (50176K), 9 survivors (9216K)
 Metaspace       used 27888K, committed 28480K, reserved 1114112K
  class space    used 3480K, committed 3776K, reserved 1048576K

Heap Regions: E=young(eden), S=young(survivor), O=old, HS=humongous(starts), HC=humongous(continues), CS=collection set, F=free, TAMS=top-at-mark-start, PB=parsable bottom
|   0|0x0000000080000000, 0x0000000080100000, 0x0000000080100000|100%|HS|  |TAMS 0x0000000080000000| PB 0x0000000080000000| Complete 
|   1|0x0000000080100000, 0x0000000080200000, 0x0000000080200000|100%|HC|  |TAMS 0x0000000080100000| PB 0x0000000080100000| Complete 
|   2|0x0000000080200000, 0x0000000080300000, 0x0000000080300000|100%|HC|  |TAMS 0x0000000080200000| PB 0x0000000080200000| Complete 
|   3|0x0000000080300000, 0x0000000080400000, 0x0000000080400000|100%| O|  |TAMS 0x0000000080300000| PB 0x0000000080300000| Untracked 
|   4|0x0000000080400000, 0x0000000080500000, 0x0000000080500000|100%| O|  |TAMS 0x0000000080400000| PB 0x0000000080400000| Untracked 
|   5|0x0000000080500000, 0x0000000080600000, 0x0000000080600000|100%| O|  |TAMS 0x0000000080500000| PB 0x0000000080500000| Untracked 
|   6|0x0000000080600000, 0x0000000080700000, 0x0000000080700000|100%|HS|  |TAMS 0x0000000080600000| PB 0x0000000080600000| Complete 
|   7|0x0000000080700000, 0x0000000080700000, 0x0000000080800000|  0%| F|  |TAMS 0x0000000080700000| PB 0x0000000080700000| Untracked 
|   8|0x0000000080800000, 0x0000000080900000, 0x0000000080900000|100%| O|  |TAMS 0x0000000080800000| PB 0x0000000080800000| Untracked 
|   9|0x0000000080900000, 0x0000000080a00000, 0x0000000080a00000|100%| O|  |TAMS 0x0000000080900000| PB 0x0000000080900000| Untracked 
|  10|0x0000000080a00000, 0x0000000080b00000, 0x0000000080b00000|100%| O|  |TAMS 0x0000000080a00000| PB 0x0000000080a00000| Untracked 
|  11|0x0000000080b00000, 0x0000000080c00000, 0x0000000080c00000|100%| O|  |TAMS 0x0000000080b00000| PB 0x0000000080b00000| Untracked 
|  12|0x0000000080c00000, 0x0000000080cb7150, 0x0000000080d00000| 71%| O|Cm|TAMS 0x0000000080c00000| PB 0x0000000080c00000| Complete 
|  13|0x0000000080d00000, 0x0000000080d00000, 0x0000000080e00000|  0%| F|  |TAMS 0x0000000080d00000| PB 0x0000000080d00000| Untracked 
|  14|0x0000000080e00000, 0x0000000080e00000, 0x0000000080f00000|  0%| F|  |TAMS 0x0000000080e00000| PB 0x0000000080e00000| Untracked 
|  15|0x0000000080f00000, 0x0000000080f00000, 0x0000000081000000|  0%| F|  |TAMS 0x0000000080f00000| PB 0x0000000080f00000| Untracked 
|  16|0x0000000081000000, 0x0000000081000000, 0x0000000081100000|  0%| F|  |TAMS 0x0000000081000000| PB 0x0000000081000000| Untracked 
|  17|0x0000000081100000, 0x0000000081100000, 0x0000000081200000|  0%| F|  |TAMS 0x0000000081100000| PB 0x0000000081100000| Untracked 
|  18|0x0000000081200000, 0x0000000081200000, 0x0000000081300000|  0%| F|  |TAMS 0x0000000081200000| PB 0x0000000081200000| Untracked 
|  19|0x0000000081300000, 0x0000000081300000, 0x0000000081400000|  0%| F|  |TAMS 0x0000000081300000| PB 0x0000000081300000| Untracked 
|  20|0x0000000081400000, 0x0000000081400000, 0x0000000081500000|  0%| F|  |TAMS 0x0000000081400000| PB 0x0000000081400000| Untracked 
|  21|0x0000000081500000, 0x00000000815c63c0, 0x0000000081600000| 77%| E|  |TAMS 0x0000000081500000| PB 0x0000000081500000| Complete 
|  22|0x0000000081600000, 0x0000000081700000, 0x0000000081700000|100%| E|CS|TAMS 0x0000000081600000| PB 0x0000000081600000| Complete 
|  23|0x0000000081700000, 0x0000000081800000, 0x0000000081800000|100%| E|CS|TAMS 0x0000000081700000| PB 0x0000000081700000| Complete 
|  24|0x0000000081800000, 0x0000000081900000, 0x0000000081900000|100%| E|CS|TAMS 0x0000000081800000| PB 0x0000000081800000| Complete 
|  25|0x0000000081900000, 0x0000000081a00000, 0x0000000081a00000|100%| E|CS|TAMS 0x0000000081900000| PB 0x0000000081900000| Complete 
|  26|0x0000000081a00000, 0x0000000081b00000, 0x0000000081b00000|100%| E|CS|TAMS 0x0000000081a00000| PB 0x0000000081a00000| Complete 
|  27|0x0000000081b00000, 0x0000000081c00000, 0x0000000081c00000|100%| E|CS|TAMS 0x0000000081b00000| PB 0x0000000081b00000| Complete 
|  28|0x0000000081c00000, 0x0000000081d00000, 0x0000000081d00000|100%| E|CS|TAMS 0x0000000081c00000| PB 0x0000000081c00000| Complete 
|  29|0x0000000081d00000, 0x0000000081e00000, 0x0000000081e00000|100%| E|CS|TAMS 0x0000000081d00000| PB 0x0000000081d00000| Complete 
|  30|0x0000000081e00000, 0x0000000081f00000, 0x0000000081f00000|100%| E|CS|TAMS 0x0000000081e00000| PB 0x0000000081e00000| Complete 
|  31|0x0000000081f00000, 0x0000000082000000, 0x0000000082000000|100%| E|CS|TAMS 0x0000000081f00000| PB 0x0000000081f00000| Complete 
|  32|0x0000000082000000, 0x0000000082100000, 0x0000000082100000|100%| E|CS|TAMS 0x0000000082000000| PB 0x0000000082000000| Complete 
|  33|0x0000000082100000, 0x0000000082200000, 0x0000000082200000|100%| E|CS|TAMS 0x0000000082100000| PB 0x0000000082100000| Complete 
|  34|0x0000000082200000, 0x0000000082300000, 0x0000000082300000|100%| E|CS|TAMS 0x0000000082200000| PB 0x0000000082200000| Complete 
|  35|0x0000000082300000, 0x0000000082400000, 0x0000000082400000|100%| E|CS|TAMS 0x0000000082300000| PB 0x0000000082300000| Complete 
|  36|0x0000000082400000, 0x0000000082500000, 0x0000000082500000|100%| E|CS|TAMS 0x0000000082400000| PB 0x0000000082400000| Complete 
|  37|0x0000000082500000, 0x0000000082600000, 0x0000000082600000|100%| E|CS|TAMS 0x0000000082500000| PB 0x0000000082500000| Complete 
|  38|0x0000000082600000, 0x0000000082700000, 0x0000000082700000|100%| E|CS|TAMS 0x0000000082600000| PB 0x0000000082600000| Complete 
|  39|0x0000000082700000, 0x0000000082800000, 0x0000000082800000|100%| E|CS|TAMS 0x0000000082700000| PB 0x0000000082700000| Complete 
|  40|0x0000000082800000, 0x0000000082900000, 0x0000000082900000|100%| E|CS|TAMS 0x0000000082800000| PB 0x0000000082800000| Complete 
|  41|0x0000000082900000, 0x0000000082a00000, 0x0000000082a00000|100%| E|CS|TAMS 0x0000000082900000| PB 0x0000000082900000| Complete 
|  42|0x0000000082a00000, 0x0000000082b00000, 0x0000000082b00000|100%| E|CS|TAMS 0x0000000082a00000| PB 0x0000000082a00000| Complete 
|  43|0x0000000082b00000, 0x0000000082c00000, 0x0000000082c00000|100%| E|CS|TAMS 0x0000000082b00000| PB 0x0000000082b00000| Complete 
|  44|0x0000000082c00000, 0x0000000082d00000, 0x0000000082d00000|100%| E|CS|TAMS 0x0000000082c00000| PB 0x0000000082c00000| Complete 
|  45|0x0000000082d00000, 0x0000000082e00000, 0x0000000082e00000|100%| E|CS|TAMS 0x0000000082d00000| PB 0x0000000082d00000| Complete 
|  46|0x0000000082e00000, 0x0000000082f00000, 0x0000000082f00000|100%| E|CS|TAMS 0x0000000082e00000| PB 0x0000000082e00000| Complete 
|  47|0x0000000082f00000, 0x0000000083000000, 0x0000000083000000|100%| E|CS|TAMS 0x0000000082f00000| PB 0x0000000082f00000| Complete 
|  48|0x0000000083000000, 0x0000000083100000, 0x0000000083100000|100%| E|CS|TAMS 0x0000000083000000| PB 0x0000000083000000| Complete 
|  49|0x0000000083100000, 0x0000000083200000, 0x0000000083200000|100%| E|CS|TAMS 0x0000000083100000| PB 0x0000000083100000| Complete 
|  50|0x0000000083200000, 0x0000000083300000, 0x0000000083300000|100%| E|CS|TAMS 0x0000000083200000| PB 0x0000000083200000| Complete 
|  51|0x0000000083300000, 0x0000000083400000, 0x0000000083400000|100%| E|CS|TAMS 0x0000000083300000| PB 0x0000000083300000| Complete 
|  52|0x0000000083400000, 0x0000000083500000, 0x0000000083500000|100%| E|CS|TAMS 0x0000000083400000| PB 0x0000000083400000| Complete 
|  53|0x0000000083500000, 0x0000000083600000, 0x0000000083600000|100%| E|CS|TAMS 0x0000000083500000| PB 0x0000000083500000| Complete 
|  54|0x0000000083600000, 0x0000000083700000, 0x0000000083700000|100%| E|CS|TAMS 0x0000000083600000| PB 0x0000000083600000| Complete 
|  55|0x0000000083700000, 0x0000000083800000, 0x0000000083800000|100%| E|CS|TAMS 0x0000000083700000| PB 0x0000000083700000| Complete 
|  56|0x0000000083800000, 0x0000000083900000, 0x0000000083900000|100%| E|CS|TAMS 0x0000000083800000| PB 0x0000000083800000| Complete 
|  57|0x0000000083900000, 0x0000000083a00000, 0x0000000083a00000|100%| E|CS|TAMS 0x0000000083900000| PB 0x0000000083900000| Complete 
|  58|0x0000000083a00000, 0x0000000083b00000, 0x0000000083b00000|100%| E|CS|TAMS 0x0000000083a00000| PB 0x0000000083a00000| Complete 
|  74|0x0000000084a00000, 0x0000000084a284d0, 0x0000000084b00000| 15%| S|CS|TAMS 0x0000000084a00000| PB 0x0000000084a00000| Complete 
|  75|0x0000000084b00000, 0x0000000084c00000, 0x0000000084c00000|100%| S|CS|TAMS 0x0000000084b00000| PB 0x0000000084b00000| Complete 
|  76|0x0000000084c00000, 0x0000000084d00000, 0x0000000084d00000|100%| S|CS|TAMS 0x0000000084c00000| PB 0x0000000084c00000| Complete 
|  77|0x0000000084d00000, 0x0000000084e00000, 0x0000000084e00000|100%| S|CS|TAMS 0x0000000084d00000| PB 0x0000000084d00000| Complete 
|  78|0x0000000084e00000, 0x0000000084f00000, 0x0000000084f00000|100%| S|CS|TAMS 0x0000000084e00000| PB 0x0000000084e00000| Complete 
|  79|0x0000000084f00000, 0x0000000085000000, 0x0000000085000000|100%| S|CS|TAMS 0x0000000084f00000| PB 0x0000000084f00000| Complete 
|  80|0x0000000085000000, 0x0000000085100000, 0x0000000085100000|100%| S|CS|TAMS 0x0000000085000000| PB 0x0000000085000000| Complete 
|  81|0x0000000085100000, 0x0000000085200000, 0x0000000085200000|100%| S|CS|TAMS 0x0000000085100000| PB 0x0000000085100000| Complete 
|  82|0x0000000085200000, 0x0000000085300000, 0x0000000085300000|100%| S|CS|TAMS 0x0000000085200000| PB 0x0000000085200000| Complete 
| 110|0x0000000086e00000, 0x0000000086f00000, 0x0000000086f00000|100%| E|CS|TAMS 0x0000000086e00000| PB 0x0000000086e00000| Complete 
| 111|0x0000000086f00000, 0x0000000087000000, 0x0000000087000000|100%| E|CS|TAMS 0x0000000086f00000| PB 0x0000000086f00000| Complete 

Card table byte_map: [0x000001b6cd7e0000,0x000001b6cdbe0000] _byte_map_base: 0x000001b6cd3e0000

Marking Bits: (CMBitMap*) 0x000001b6b8ece640
 Bits: [0x000001b6cdbe0000, 0x000001b6cfbe0000)

Polling page: 0x000001b6b9080000

Metaspace:

Usage:
  Non-class:     23.85 MB used.
      Class:      3.40 MB used.
       Both:     27.25 MB used.

Virtual space:
  Non-class space:       64.00 MB reserved,      24.12 MB ( 38%) committed,  1 nodes.
      Class space:        1.00 GB reserved,       3.69 MB ( <1%) committed,  1 nodes.
             Both:        1.06 GB reserved,      27.81 MB (  3%) committed. 

Chunk freelists:
   Non-Class:  7.86 MB
       Class:  12.36 MB
        Both:  20.22 MB

MaxMetaspaceSize: unlimited
CompressedClassSpaceSize: 1.00 GB
Initial GC threshold: 21.00 MB
Current GC threshold: 35.12 MB
CDS: off
 - commit_granule_bytes: 65536.
 - commit_granule_words: 8192.
 - virtual_space_node_default_size: 8388608.
 - enlarge_chunks_in_place: 1.
 - use_allocation_guard: 0.


Internal statistics:

num_allocs_failed_limit: 3.
num_arena_births: 702.
num_arena_deaths: 0.
num_vsnodes_births: 2.
num_vsnodes_deaths: 0.
num_space_committed: 446.
num_space_uncommitted: 0.
num_chunks_returned_to_freelist: 3.
num_chunks_taken_from_freelist: 1422.
num_chunk_merges: 3.
num_chunk_splits: 909.
num_chunks_enlarged: 603.
num_inconsistent_stats: 0.

CodeHeap 'non-profiled nmethods': size=120000Kb used=1397Kb max_used=1397Kb free=118602Kb
 bounds [0x000001b6c5b70000, 0x000001b6c5de0000, 0x000001b6cd0a0000]
CodeHeap 'profiled nmethods': size=120000Kb used=5686Kb max_used=5686Kb free=114313Kb
 bounds [0x000001b6be0a0000, 0x000001b6be630000, 0x000001b6c55d0000]
CodeHeap 'non-nmethods': size=5760Kb used=1480Kb max_used=1533Kb free=4279Kb
 bounds [0x000001b6c55d0000, 0x000001b6c5840000, 0x000001b6c5b70000]
 total_blobs=3437 nmethods=2859 adapters=482
 compilation: enabled
              stopped_count=0, restarted_count=0
 full_count=0

Compilation events (20 events):
Event: 7.867 Thread 0x000001b6d2838250 nmethod 2845 0x000001b6be626b90 code [0x000001b6be626d40, 0x000001b6be626e58]
Event: 7.867 Thread 0x000001b6d2838250 2846       3       org.gradle.internal.service.DefaultServiceRegistry::isAssignableFromAnyType (41 bytes)
Event: 7.868 Thread 0x000001b6d2838250 nmethod 2846 0x000001b6be626f10 code [0x000001b6be627120, 0x000001b6be627680]
Event: 7.868 Thread 0x000001b6d2838250 2847       3       org.gradle.internal.service.DefaultServiceRegistry$SingletonService::getAll (38 bytes)
Event: 7.868 Thread 0x000001b6d2838250 nmethod 2847 0x000001b6be627810 code [0x000001b6be627a00, 0x000001b6be627e18]
Event: 7.868 Thread 0x000001b6d2838250 2848       3       java.lang.invoke.LambdaFormBuffer::setNames (22 bytes)
Event: 7.868 Thread 0x000001b6d2838250 nmethod 2848 0x000001b6be627f90 code [0x000001b6be628140, 0x000001b6be628318]
Event: 7.868 Thread 0x000001b6d2838250 2849       3       java.lang.invoke.LambdaFormBuffer::nameArray (15 bytes)
Event: 7.868 Thread 0x000001b6d2838250 nmethod 2849 0x000001b6be628410 code [0x000001b6be6285e0, 0x000001b6be628898]
Event: 7.889 Thread 0x000001b6d2838250 2851   !   3       org.gradle.internal.classloader.TransformingClassLoader::findClass (203 bytes)
Event: 7.892 Thread 0x000001b6d2838250 nmethod 2851 0x000001b6be628990 code [0x000001b6be628ea0, 0x000001b6be62b128]
Event: 7.892 Thread 0x000001b6d2838250 2852       3       org.gradle.initialization.MixInLegacyTypesClassLoader::shouldTransform (42 bytes)
Event: 7.893 Thread 0x000001b6d2838250 nmethod 2852 0x000001b6be62c110 code [0x000001b6be62c2e0, 0x000001b6be62c6a8]
Event: 7.917 Thread 0x000001b6d28282d0 nmethod 2678 0x000001b6c5cbb490 code [0x000001b6c5cbbe20, 0x000001b6c5cc5af0]
Event: 7.918 Thread 0x000001b6d28282d0 2850       4       java.util.Collections$SetFromMap::remove (19 bytes)
Event: 7.925 Thread 0x000001b6d28282d0 nmethod 2850 0x000001b6c5ccb390 code [0x000001b6c5ccb540, 0x000001b6c5ccb9b8]
Event: 7.925 Thread 0x000001b6d28282d0 2823       4       jdk.internal.org.objectweb.asm.MethodWriter::visitEnd (1 bytes)
Event: 7.926 Thread 0x000001b6d28282d0 nmethod 2823 0x000001b6c5ccbd90 code [0x000001b6c5ccbf20, 0x000001b6c5ccbfa8]
Event: 7.962 Thread 0x000001b6d28282d0 2854   !   4       java.security.AccessController::doPrivileged (26 bytes)
Event: 7.964 Thread 0x000001b6d28282d0 nmethod 2854 0x000001b6c5ccc490 code [0x000001b6c5ccc640, 0x000001b6c5ccc780]

GC Heap History (8 events):
Event: 1.070 GC heap before
{Heap before GC invocations=0 (full 0):
 garbage-first heap   total 114688K, used 22528K [0x0000000080000000, 0x0000000100000000)
  region size 1024K, 23 young (23552K), 0 survivors (0K)
 Metaspace       used 8036K, committed 8192K, reserved 1114112K
  class space    used 714K, committed 768K, reserved 1048576K
}
Event: 1.077 GC heap after
{Heap after GC invocations=1 (full 0):
 garbage-first heap   total 114688K, used 2960K [0x0000000080000000, 0x0000000100000000)
  region size 1024K, 3 young (3072K), 3 survivors (3072K)
 Metaspace       used 8036K, committed 8192K, reserved 1114112K
  class space    used 714K, committed 768K, reserved 1048576K
}
Event: 2.491 GC heap before
{Heap before GC invocations=1 (full 0):
 garbage-first heap   total 114688K, used 39824K [0x0000000080000000, 0x0000000100000000)
  region size 1024K, 37 young (37888K), 3 survivors (3072K)
 Metaspace       used 12193K, committed 12416K, reserved 1114112K
  class space    used 1278K, committed 1408K, reserved 1048576K
}
Event: 2.501 GC heap after
{Heap after GC invocations=2 (full 0):
 garbage-first heap   total 114688K, used 11110K [0x0000000080000000, 0x0000000100000000)
  region size 1024K, 5 young (5120K), 5 survivors (5120K)
 Metaspace       used 12193K, committed 12416K, reserved 1114112K
  class space    used 1278K, committed 1408K, reserved 1048576K
}
Event: 3.751 GC heap before
{Heap before GC invocations=2 (full 0):
 garbage-first heap   total 114688K, used 59238K [0x0000000080000000, 0x0000000100000000)
  region size 1024K, 50 young (51200K), 5 survivors (5120K)
 Metaspace       used 12713K, committed 12928K, reserved 1114112K
  class space    used 1368K, committed 1472K, reserved 1048576K
}
Event: 3.760 GC heap after
{Heap after GC invocations=3 (full 0):
 garbage-first heap   total 114688K, used 16712K [0x0000000080000000, 0x0000000100000000)
  region size 1024K, 5 young (5120K), 5 survivors (5120K)
 Metaspace       used 12713K, committed 12928K, reserved 1114112K
  class space    used 1368K, committed 1472K, reserved 1048576K
}
Event: 6.432 GC heap before
{Heap before GC invocations=3 (full 0):
 garbage-first heap   total 114688K, used 45384K [0x0000000080000000, 0x0000000100000000)
  region size 1024K, 34 young (34816K), 5 survivors (5120K)
 Metaspace       used 21128K, committed 21504K, reserved 1114112K
  class space    used 2431K, committed 2624K, reserved 1048576K
}
Event: 6.438 GC heap after
{Heap after GC invocations=4 (full 0):
 garbage-first heap   total 114688K, used 20349K [0x0000000080000000, 0x0000000100000000)
  region size 1024K, 9 young (9216K), 9 survivors (9216K)
 Metaspace       used 21128K, committed 21504K, reserved 1114112K
  class space    used 2431K, committed 2624K, reserved 1048576K
}

Dll operation events (3 events):
Event: 0.020 Loaded shared library D:\as\jbr\bin\java.dll
Event: 0.044 Loaded shared library D:\as\jbr\bin\zip.dll
Event: 1.282 Loaded shared library D:\as\jbr\bin\verify.dll

Deoptimization events (20 events):
Event: 7.299 Thread 0x000001b6d7e2be90 DEOPT PACKING pc=0x000001b6c5c3f5e4 sp=0x000000999c3fc270
Event: 7.299 Thread 0x000001b6d7e2be90 DEOPT UNPACKING pc=0x000001b6c56246a2 sp=0x000000999c3fc228 mode 2
Event: 7.359 Thread 0x000001b6d7e2be90 Uncommon trap: trap_request=0xffffff45 fr.pc=0x000001b6c5b93804 relative=0x00000000000001c4
Event: 7.359 Thread 0x000001b6d7e2be90 Uncommon trap: reason=unstable_if action=reinterpret pc=0x000001b6c5b93804 method=java.util.regex.Matcher.reset()Ljava/util/regex/Matcher; @ 47 c2
Event: 7.359 Thread 0x000001b6d7e2be90 DEOPT PACKING pc=0x000001b6c5b93804 sp=0x000000999c3fab90
Event: 7.359 Thread 0x000001b6d7e2be90 DEOPT UNPACKING pc=0x000001b6c56246a2 sp=0x000000999c3fab18 mode 2
Event: 7.451 Thread 0x000001b6d7e2be90 Uncommon trap: trap_request=0xffffff45 fr.pc=0x000001b6c5b96744 relative=0x0000000000000c04
Event: 7.451 Thread 0x000001b6d7e2be90 Uncommon trap: reason=unstable_if action=reinterpret pc=0x000001b6c5b96744 method=java.io.WinNTFileSystem.resolve(Ljava/lang/String;Ljava/lang/String;)Ljava/lang/String; @ 19 c2
Event: 7.451 Thread 0x000001b6d7e2be90 DEOPT PACKING pc=0x000001b6c5b96744 sp=0x000000999c3fb540
Event: 7.451 Thread 0x000001b6d7e2be90 DEOPT UNPACKING pc=0x000001b6c56246a2 sp=0x000000999c3fb4e8 mode 2
Event: 7.453 Thread 0x000001b6d7e2be90 DEOPT PACKING pc=0x000001b6be18f2d9 sp=0x000000999c3fabd0
Event: 7.453 Thread 0x000001b6d7e2be90 DEOPT UNPACKING pc=0x000001b6c5624e42 sp=0x000000999c3fa068 mode 0
Event: 7.453 Thread 0x000001b6d7e2be90 Uncommon trap: trap_request=0xffffff45 fr.pc=0x000001b6c5c08194 relative=0x0000000000000634
Event: 7.453 Thread 0x000001b6d7e2be90 Uncommon trap: reason=unstable_if action=reinterpret pc=0x000001b6c5c08194 method=java.io.File.getName()Ljava/lang/String; @ 16 c2
Event: 7.453 Thread 0x000001b6d7e2be90 DEOPT PACKING pc=0x000001b6c5c08194 sp=0x000000999c3fb510
Event: 7.453 Thread 0x000001b6d7e2be90 DEOPT UNPACKING pc=0x000001b6c56246a2 sp=0x000000999c3fb4e0 mode 2
Event: 7.556 Thread 0x000001b6d7e2be90 Uncommon trap: trap_request=0xffffff45 fr.pc=0x000001b6c5b9b010 relative=0x00000000000000f0
Event: 7.556 Thread 0x000001b6d7e2be90 Uncommon trap: reason=unstable_if action=reinterpret pc=0x000001b6c5b9b010 method=java.util.HashMap.hash(Ljava/lang/Object;)I @ 1 c2
Event: 7.556 Thread 0x000001b6d7e2be90 DEOPT PACKING pc=0x000001b6c5b9b010 sp=0x000000999c3fc630
Event: 7.556 Thread 0x000001b6d7e2be90 DEOPT UNPACKING pc=0x000001b6c56246a2 sp=0x000000999c3fc570 mode 2

Classes loaded (20 events):
Event: 7.653 Loading class java/lang/invoke/BoundMethodHandle$Species_LLLLLLLLLLLLLLL
Event: 7.653 Loading class java/lang/invoke/BoundMethodHandle$Species_LLLLLLLLLLLLLLL done
Event: 7.656 Loading class java/lang/invoke/BoundMethodHandle$Species_LLLLLLLLLLLLLLLL
Event: 7.656 Loading class java/lang/invoke/BoundMethodHandle$Species_LLLLLLLLLLLLLLLL done
Event: 7.660 Loading class java/lang/invoke/BoundMethodHandle$Species_LLLLLLLLLLLLLLLLL
Event: 7.660 Loading class java/lang/invoke/BoundMethodHandle$Species_LLLLLLLLLLLLLLLLL done
Event: 7.663 Loading class java/lang/invoke/BoundMethodHandle$Species_LLLLLLLLLLLLLLLLLL
Event: 7.663 Loading class java/lang/invoke/BoundMethodHandle$Species_LLLLLLLLLLLLLLLLLL done
Event: 7.666 Loading class java/lang/invoke/BoundMethodHandle$Species_LLLLLLLLLLLLLLLLLLL
Event: 7.666 Loading class java/lang/invoke/BoundMethodHandle$Species_LLLLLLLLLLLLLLLLLLL done
Event: 7.669 Loading class java/lang/invoke/BoundMethodHandle$Species_LLLLLLLLLLLLLLLLLLLL
Event: 7.669 Loading class java/lang/invoke/BoundMethodHandle$Species_LLLLLLLLLLLLLLLLLLLL done
Event: 7.672 Loading class java/lang/invoke/BoundMethodHandle$Species_LLLLLLLLLLLLLLLLLLLLL
Event: 7.672 Loading class java/lang/invoke/BoundMethodHandle$Species_LLLLLLLLLLLLLLLLLLLLL done
Event: 7.675 Loading class java/lang/invoke/BoundMethodHandle$Species_LLLLLLLLLLLLLLLLLLLLLL
Event: 7.675 Loading class java/lang/invoke/BoundMethodHandle$Species_LLLLLLLLLLLLLLLLLLLLLL done
Event: 7.679 Loading class java/lang/invoke/BoundMethodHandle$Species_LLLLLLLLLLLLLLLLLLLLLLL
Event: 7.679 Loading class java/lang/invoke/BoundMethodHandle$Species_LLLLLLLLLLLLLLLLLLLLLLL done
Event: 7.740 Loading class java/util/Collections$2
Event: 7.740 Loading class java/util/Collections$2 done

Classes unloaded (0 events):
No events

Classes redefined (0 events):
No events

Internal exceptions (20 events):
Event: 7.295 Thread 0x000001b6d7e2be90 Exception <a 'java/lang/IncompatibleClassChangeError'{0x0000000082be3220}: Found class java.lang.Object, but interface was expected> (0x0000000082be3220) 
thrown [s\src\hotspot\share\interpreter\linkResolver.cpp, line 851]
Event: 7.331 Thread 0x000001b6d7e2be90 Exception <a 'java/lang/NoSuchMethodError'{0x000000008292fec8}: 'java.lang.Object java.lang.invoke.DirectMethodHandle$Holder.newInvokeSpecial(java.lang.Object, java.lang.Object, int)'> (0x000000008292fec8) 
thrown [s\src\hotspot\share\interpreter\linkResolver.cpp, line 784]
Event: 7.420 Thread 0x000001b6d7e2be90 Exception <a 'java/lang/NoSuchMethodError'{0x000000008267dd70}: 'java.lang.Object java.lang.invoke.DirectMethodHandle$Holder.invokeVirtual(java.lang.Object, java.lang.Object, java.lang.Object, java.lang.Object, java.lang.Object, java.lang.Object, java.lang.Object, java.lang.Object)'> (0x000000008267dd70) 
thrown [s\src\hotspot\share\interpreter\linkResolver.cpp, line 784]
Event: 7.525 Thread 0x000001b6d7e2be90 Exception <a 'java/lang/NoSuchMethodError'{0x00000000824e4f18}: 'int java.lang.invoke.DirectMethodHandle$Holder.invokeSpecialIFC(java.lang.Object, java.lang.Object, java.lang.Object, java.lang.Object)'> (0x00000000824e4f18) 
thrown [s\src\hotspot\share\interpreter\linkResolver.cpp, line 784]
Event: 7.528 Thread 0x000001b6d7e2be90 Exception <a 'java/lang/NoSuchMethodError'{0x00000000824f2760}: 'java.lang.Object java.lang.invoke.DirectMethodHandle$Holder.invokeInterface(java.lang.Object, java.lang.Object, java.lang.Object)'> (0x00000000824f2760) 
thrown [s\src\hotspot\share\interpreter\linkResolver.cpp, line 784]
Event: 7.528 Thread 0x000001b6d7e2be90 Exception <a 'java/lang/IncompatibleClassChangeError'{0x00000000824f6378}: Found class java.lang.Object, but interface was expected> (0x00000000824f6378) 
thrown [s\src\hotspot\share\interpreter\linkResolver.cpp, line 851]
Event: 7.556 Thread 0x000001b6d7e2be90 Implicit null exception at 0x000001b6c5b9af66 to 0x000001b6c5b9b006
Event: 7.579 Thread 0x000001b6d7e2be90 Exception <a 'java/lang/NoSuchMethodError'{0x00000000822de718}: 'int java.lang.invoke.DirectMethodHandle$Holder.invokeStatic(java.lang.Object, java.lang.Object, java.lang.Object, java.lang.Object)'> (0x00000000822de718) 
thrown [s\src\hotspot\share\interpreter\linkResolver.cpp, line 784]
Event: 7.643 Thread 0x000001b6d7e2be90 Exception <a 'java/lang/NoSuchMethodError'{0x00000000820d41b8}: 'java.lang.Object java.lang.invoke.DelegatingMethodHandle$Holder.reinvoke_L(java.lang.Object, java.lang.Object, java.lang.Object, java.lang.Object, java.lang.Object, java.lang.Object, java.lang.Object, java.lang.Object, java.lang.Object, java.lang.Object, java.lang.Object, java.lang.Object, java.lang.Object, java.lang.Object, java.lang.Object, java.lang.Object, java.lang.Object, java.lang.Object, java.lang.Object, java.lang.Object, java.lang.O
Event: 7.651 Thread 0x000001b6d7e2be90 Exception <a 'java/lang/NoSuchMethodError'{0x0000000081f41b90}: 'java.lang.Object java.lang.invoke.DirectMethodHandle$Holder.invokeStatic(java.lang.Object, java.lang.Object, java.lang.Object, java.lang.Object, java.lang.Object, java.lang.Object, java.lang.Object, java.lang.Object, java.lang.Object, java.lang.Object, java.lang.Object, java.lang.Object, java.lang.Object, java.lang.Object, java.lang.Object, java.lang.Object, java.lang.Object)'> (0x0000000081f41b90) 
thrown [s\src\hotspot\share\interpreter\lin
Event: 7.654 Thread 0x000001b6d7e2be90 Exception <a 'java/lang/NoSuchMethodError'{0x0000000081f6ab90}: 'java.lang.Object java.lang.invoke.DirectMethodHandle$Holder.invokeStatic(java.lang.Object, java.lang.Object, java.lang.Object, java.lang.Object, java.lang.Object, java.lang.Object, java.lang.Object, java.lang.Object, java.lang.Object, java.lang.Object, java.lang.Object, java.lang.Object, java.lang.Object, java.lang.Object, java.lang.Object, java.lang.Object, java.lang.Object, java.lang.Object)'> (0x0000000081f6ab90) 
thrown [s\src\hotspot\sha
Event: 7.658 Thread 0x000001b6d7e2be90 Exception <a 'java/lang/NoSuchMethodError'{0x0000000081f94c20}: 'java.lang.Object java.lang.invoke.DirectMethodHandle$Holder.invokeStatic(java.lang.Object, java.lang.Object, java.lang.Object, java.lang.Object, java.lang.Object, java.lang.Object, java.lang.Object, java.lang.Object, java.lang.Object, java.lang.Object, java.lang.Object, java.lang.Object, java.lang.Object, java.lang.Object, java.lang.Object, java.lang.Object, java.lang.Object, java.lang.Object, java.lang.Object)'> (0x0000000081f94c20) 
thrown 
Event: 7.661 Thread 0x000001b6d7e2be90 Exception <a 'java/lang/NoSuchMethodError'{0x0000000081fc0148}: 'java.lang.Object java.lang.invoke.DirectMethodHandle$Holder.invokeStatic(java.lang.Object, java.lang.Object, java.lang.Object, java.lang.Object, java.lang.Object, java.lang.Object, java.lang.Object, java.lang.Object, java.lang.Object, java.lang.Object, java.lang.Object, java.lang.Object, java.lang.Object, java.lang.Object, java.lang.Object, java.lang.Object, java.lang.Object, java.lang.Object, java.lang.Object, java.lang.Object)'> (0x00000000
Event: 7.665 Thread 0x000001b6d7e2be90 Exception <a 'java/lang/NoSuchMethodError'{0x0000000081fecaa0}: 'java.lang.Object java.lang.invoke.DirectMethodHandle$Holder.invokeStatic(java.lang.Object, java.lang.Object, java.lang.Object, java.lang.Object, java.lang.Object, java.lang.Object, java.lang.Object, java.lang.Object, java.lang.Object, java.lang.Object, java.lang.Object, java.lang.Object, java.lang.Object, java.lang.Object, java.lang.Object, java.lang.Object, java.lang.Object, java.lang.Object, java.lang.Object, java.lang.Object, java.lang.Obj
Event: 7.668 Thread 0x000001b6d7e2be90 Exception <a 'java/lang/NoSuchMethodError'{0x0000000081e1a4d0}: 'java.lang.Object java.lang.invoke.DirectMethodHandle$Holder.invokeStatic(java.lang.Object, java.lang.Object, java.lang.Object, java.lang.Object, java.lang.Object, java.lang.Object, java.lang.Object, java.lang.Object, java.lang.Object, java.lang.Object, java.lang.Object, java.lang.Object, java.lang.Object, java.lang.Object, java.lang.Object, java.lang.Object, java.lang.Object, java.lang.Object, java.lang.Object, java.lang.Object, java.lang.Obj
Event: 7.670 Thread 0x000001b6d7e2be90 Exception <a 'java/lang/NoSuchMethodError'{0x0000000081e48790}: 'java.lang.Object java.lang.invoke.DirectMethodHandle$Holder.invokeStatic(java.lang.Object, java.lang.Object, java.lang.Object, java.lang.Object, java.lang.Object, java.lang.Object, java.lang.Object, java.lang.Object, java.lang.Object, java.lang.Object, java.lang.Object, java.lang.Object, java.lang.Object, java.lang.Object, java.lang.Object, java.lang.Object, java.lang.Object, java.lang.Object, java.lang.Object, java.lang.Object, java.lang.Obj
Event: 7.673 Thread 0x000001b6d7e2be90 Exception <a 'java/lang/NoSuchMethodError'{0x0000000081e77c48}: 'java.lang.Object java.lang.invoke.DirectMethodHandle$Holder.invokeStatic(java.lang.Object, java.lang.Object, java.lang.Object, java.lang.Object, java.lang.Object, java.lang.Object, java.lang.Object, java.lang.Object, java.lang.Object, java.lang.Object, java.lang.Object, java.lang.Object, java.lang.Object, java.lang.Object, java.lang.Object, java.lang.Object, java.lang.Object, java.lang.Object, java.lang.Object, java.lang.Object, java.lang.Obj
Event: 7.677 Thread 0x000001b6d7e2be90 Exception <a 'java/lang/NoSuchMethodError'{0x0000000081ea7a60}: 'java.lang.Object java.lang.invoke.DirectMethodHandle$Holder.invokeStatic(java.lang.Object, java.lang.Object, java.lang.Object, java.lang.Object, java.lang.Object, java.lang.Object, java.lang.Object, java.lang.Object, java.lang.Object, java.lang.Object, java.lang.Object, java.lang.Object, java.lang.Object, java.lang.Object, java.lang.Object, java.lang.Object, java.lang.Object, java.lang.Object, java.lang.Object, java.lang.Object, java.lang.Obj
Event: 7.680 Thread 0x000001b6d7e2be90 Exception <a 'java/lang/NoSuchMethodError'{0x0000000081ed9440}: 'java.lang.Object java.lang.invoke.DirectMethodHandle$Holder.invokeStatic(java.lang.Object, java.lang.Object, java.lang.Object, java.lang.Object, java.lang.Object, java.lang.Object, java.lang.Object, java.lang.Object, java.lang.Object, java.lang.Object, java.lang.Object, java.lang.Object, java.lang.Object, java.lang.Object, java.lang.Object, java.lang.Object, java.lang.Object, java.lang.Object, java.lang.Object, java.lang.Object, java.lang.Obj
Event: 7.715 Thread 0x000001b6d7e2be90 Exception <a 'java/lang/IncompatibleClassChangeError'{0x0000000081dd2a08}: Found class java.lang.Object, but interface was expected> (0x0000000081dd2a08) 
thrown [s\src\hotspot\share\interpreter\linkResolver.cpp, line 851]

ZGC Phase Switch (0 events):
No events

VM Operations (20 events):
Event: 5.205 Executing VM operation: HandshakeAllThreads (Deoptimize)
Event: 5.205 Executing VM operation: HandshakeAllThreads (Deoptimize) done
Event: 5.490 Executing VM operation: HandshakeAllThreads (Deoptimize)
Event: 5.490 Executing VM operation: HandshakeAllThreads (Deoptimize) done
Event: 5.737 Executing VM operation: HandshakeAllThreads (Deoptimize)
Event: 5.737 Executing VM operation: HandshakeAllThreads (Deoptimize) done
Event: 6.432 Executing VM operation: CollectForMetadataAllocation (Metadata GC Threshold)
Event: 6.438 Executing VM operation: CollectForMetadataAllocation (Metadata GC Threshold) done
Event: 6.447 Executing VM operation: G1PauseRemark
Event: 6.449 Executing VM operation: G1PauseRemark done
Event: 6.451 Executing VM operation: G1PauseCleanup
Event: 6.454 Executing VM operation: G1PauseCleanup done
Event: 7.329 Executing VM operation: HandshakeAllThreads (Deoptimize)
Event: 7.329 Executing VM operation: HandshakeAllThreads (Deoptimize) done
Event: 7.691 Executing VM operation: HandshakeAllThreads (Deoptimize)
Event: 7.692 Executing VM operation: HandshakeAllThreads (Deoptimize) done
Event: 7.692 Executing VM operation: Cleanup
Event: 7.692 Executing VM operation: Cleanup done
Event: 7.692 Executing VM operation: HandshakeAllThreads (Deoptimize)
Event: 7.693 Executing VM operation: HandshakeAllThreads (Deoptimize) done

Memory protections (0 events):
No events

Nmethod flushes (0 events):
No events

Events (20 events):
Event: 0.898 Loaded shared library D:\as\jbr\bin\jimage.dll
Event: 1.650 Loaded shared library C:\Users\Administrator\.gradle\native\c067742578af261105cb4f569cf0c3c89f3d7b1fecec35dd04571415982c5e48\windows-amd64\native-platform.dll
Event: 1.697 Loaded shared library C:\Users\Administrator\.gradle\native\100fb08df4bc3b14c8652ba06237920a3bd2aa13389f12d3474272988ae205f9\windows-amd64\native-platform-file-events.dll
Event: 4.271 Loaded shared library D:\as\jbr\bin\management.dll
Event: 4.281 Loaded shared library D:\as\jbr\bin\management_ext.dll
Event: 4.454 Thread 0x000001b6baf44540 Thread added: 0x000001b6d8701370
Event: 5.282 Loaded shared library D:\as\jbr\bin\extnet.dll
Event: 5.389 Thread 0x000001b6baf44540 Thread added: 0x000001b6d29fc470
Event: 5.640 Thread 0x000001b6baf44540 Thread added: 0x000001b6d7251eb0
Event: 5.857 Thread 0x000001b6d29fc470 Thread added: 0x000001b6d7251390
Event: 5.866 Thread 0x000001b6d7251390 Thread added: 0x000001b6d7e2b1d0
Event: 5.949 Thread 0x000001b6d7251390 Thread added: 0x000001b6d7e2b830
Event: 5.969 Thread 0x000001b6d7251390 Thread added: 0x000001b6d7e2be90
Event: 5.997 Thread 0x000001b6d7e2be90 Thread added: 0x000001b6d7d4ba10
Event: 6.010 Thread 0x000001b6d7e2be90 Thread added: 0x000001b6d7d4dae0
Event: 6.015 Thread 0x000001b6d7e2be90 Thread added: 0x000001b6d7d4c0a0
Event: 7.329 Thread 0x000001b6d7e2be90 Thread added: 0x000001b6d7d4e170
Event: 7.343 Thread 0x000001b6d7e2be90 Thread added: 0x000001b6d7d4c730
Event: 7.387 Thread 0x000001b6d7e2be90 Thread added: 0x000001b6d7d4cdc0
Event: 7.499 Thread 0x000001b6d2838250 Thread added: 0x000001b6d28374b0


Dynamic libraries:
0x00007ff7bc2d0000 - 0x00007ff7bc2da000 	D:\as\jbr\bin\java.exe
0x00007ff8f3990000 - 0x00007ff8f3b89000 	C:\Windows\SYSTEM32\ntdll.dll
0x00007ff8f2f90000 - 0x00007ff8f3052000 	C:\Windows\System32\KERNEL32.DLL
0x00007ff8f1410000 - 0x00007ff8f1707000 	C:\Windows\System32\KERNELBASE.dll
0x00007ff8f1120000 - 0x00007ff8f1220000 	C:\Windows\System32\ucrtbase.dll
0x00007ff8ecef0000 - 0x00007ff8ecf0b000 	D:\as\jbr\bin\VCRUNTIME140.dll
0x00007ff8e30f0000 - 0x00007ff8e3108000 	D:\as\jbr\bin\jli.dll
0x00007ff8f26f0000 - 0x00007ff8f288d000 	C:\Windows\System32\USER32.dll
0x00007ff8f13e0000 - 0x00007ff8f1402000 	C:\Windows\System32\win32u.dll
0x00007ff8f1c60000 - 0x00007ff8f1c8b000 	C:\Windows\System32\GDI32.dll
0x00007ff8def00000 - 0x00007ff8df19b000 	C:\Windows\WinSxS\amd64_microsoft.windows.common-controls_6595b64144ccf1df_6.0.19041.6926_none_60b5a53971f8f7e6\COMCTL32.dll
0x00007ff8f1bc0000 - 0x00007ff8f1c5e000 	C:\Windows\System32\msvcrt.dll
0x00007ff8f1000000 - 0x00007ff8f111a000 	C:\Windows\System32\gdi32full.dll
0x00007ff8f1710000 - 0x00007ff8f17ad000 	C:\Windows\System32\msvcp_win.dll
0x00007ff8f28c0000 - 0x00007ff8f28ef000 	C:\Windows\System32\IMM32.DLL
0x00007ff8ed650000 - 0x00007ff8ed65c000 	D:\as\jbr\bin\vcruntime140_1.dll
0x00007ff8ac150000 - 0x00007ff8ac1dd000 	D:\as\jbr\bin\msvcp140.dll
0x00007ff895d10000 - 0x00007ff89699b000 	D:\as\jbr\bin\server\jvm.dll
0x00007ff8f3890000 - 0x00007ff8f3941000 	C:\Windows\System32\ADVAPI32.dll
0x00007ff8f1990000 - 0x00007ff8f1a2f000 	C:\Windows\System32\sechost.dll
0x00007ff8f1c90000 - 0x00007ff8f1db6000 	C:\Windows\System32\RPCRT4.dll
0x00007ff8f17b0000 - 0x00007ff8f17d7000 	C:\Windows\System32\bcrypt.dll
0x00007ff8f3460000 - 0x00007ff8f34cb000 	C:\Windows\System32\WS2_32.dll
0x00007ff8f0e50000 - 0x00007ff8f0e9b000 	C:\Windows\SYSTEM32\POWRPROF.dll
0x00007ff8e86b0000 - 0x00007ff8e86ba000 	C:\Windows\SYSTEM32\VERSION.dll
0x00007ff8e7380000 - 0x00007ff8e73a7000 	C:\Windows\SYSTEM32\WINMM.dll
0x00007ff8f0e30000 - 0x00007ff8f0e42000 	C:\Windows\SYSTEM32\UMPDC.dll
0x00007ff8eee70000 - 0x00007ff8eee82000 	C:\Windows\SYSTEM32\kernel.appcore.dll
0x00007ff8ed350000 - 0x00007ff8ed35a000 	D:\as\jbr\bin\jimage.dll
0x00007ff8e58c0000 - 0x00007ff8e5ac1000 	C:\Windows\SYSTEM32\DBGHELP.DLL
0x00007ff8d3d70000 - 0x00007ff8d3da4000 	C:\Windows\SYSTEM32\dbgcore.DLL
0x00007ff8f12a0000 - 0x00007ff8f1322000 	C:\Windows\System32\bcryptPrimitives.dll
0x00007ff8e37e0000 - 0x00007ff8e37ee000 	D:\as\jbr\bin\instrument.dll
0x00007ff8ec280000 - 0x00007ff8ec2a0000 	D:\as\jbr\bin\java.dll
0x00007ff8e3a90000 - 0x00007ff8e3aa8000 	D:\as\jbr\bin\zip.dll
0x00007ff8f1dc0000 - 0x00007ff8f2531000 	C:\Windows\System32\SHELL32.dll
0x00007ff8ef070000 - 0x00007ff8ef816000 	C:\Windows\SYSTEM32\windows.storage.dll
0x00007ff8f3530000 - 0x00007ff8f3883000 	C:\Windows\System32\combase.dll
0x00007ff8f0950000 - 0x00007ff8f097b000 	C:\Windows\SYSTEM32\Wldp.dll
0x00007ff8f3310000 - 0x00007ff8f33e6000 	C:\Windows\System32\OLEAUT32.dll
0x00007ff8f1a30000 - 0x00007ff8f1add000 	C:\Windows\System32\SHCORE.dll
0x00007ff8f2ac0000 - 0x00007ff8f2b1b000 	C:\Windows\System32\shlwapi.dll
0x00007ff8f0f20000 - 0x00007ff8f0f44000 	C:\Windows\SYSTEM32\profapi.dll
0x00007ff8ed2b0000 - 0x00007ff8ed2c0000 	D:\as\jbr\bin\net.dll
0x00007ff8e8d10000 - 0x00007ff8e8e1a000 	C:\Windows\SYSTEM32\WINHTTP.dll
0x00007ff8f0680000 - 0x00007ff8f06ea000 	C:\Windows\system32\mswsock.dll
0x00007ff8e3a70000 - 0x00007ff8e3a86000 	D:\as\jbr\bin\nio.dll
0x00007ff8ed5f0000 - 0x00007ff8ed600000 	D:\as\jbr\bin\verify.dll
0x00007ff8e1ce0000 - 0x00007ff8e1d07000 	C:\Users\Administrator\.gradle\native\c067742578af261105cb4f569cf0c3c89f3d7b1fecec35dd04571415982c5e48\windows-amd64\native-platform.dll
0x00007ff897450000 - 0x00007ff897594000 	C:\Users\Administrator\.gradle\native\100fb08df4bc3b14c8652ba06237920a3bd2aa13389f12d3474272988ae205f9\windows-amd64\native-platform-file-events.dll
0x00007ff8ec460000 - 0x00007ff8ec469000 	D:\as\jbr\bin\management.dll
0x00007ff8e3910000 - 0x00007ff8e391b000 	D:\as\jbr\bin\management_ext.dll
0x00007ff8f28b0000 - 0x00007ff8f28b8000 	C:\Windows\System32\PSAPI.DLL
0x00007ff8f08b0000 - 0x00007ff8f08c8000 	C:\Windows\SYSTEM32\CRYPTSP.dll
0x00007ff8effa0000 - 0x00007ff8effd8000 	C:\Windows\system32\rsaenh.dll
0x00007ff8f0ee0000 - 0x00007ff8f0f0e000 	C:\Windows\SYSTEM32\USERENV.dll
0x00007ff8f08a0000 - 0x00007ff8f08ac000 	C:\Windows\SYSTEM32\CRYPTBASE.dll
0x00007ff8f0360000 - 0x00007ff8f039b000 	C:\Windows\SYSTEM32\IPHLPAPI.DLL
0x00007ff8f33f0000 - 0x00007ff8f33f8000 	C:\Windows\System32\NSI.dll
0x00007ff8eca30000 - 0x00007ff8eca39000 	D:\as\jbr\bin\extnet.dll
0x00007ff8ed620000 - 0x00007ff8ed627000 	C:\Windows\system32\wshunix.dll

dbghelp: loaded successfully - version: 4.0.5 - missing functions: none
symbol engine: initialized successfully - sym options: 0x614 - pdb path: .;D:\as\jbr\bin;C:\Windows\SYSTEM32;C:\Windows\WinSxS\amd64_microsoft.windows.common-controls_6595b64144ccf1df_6.0.19041.6926_none_60b5a53971f8f7e6;D:\as\jbr\bin\server;C:\Users\Administrator\.gradle\native\c067742578af261105cb4f569cf0c3c89f3d7b1fecec35dd04571415982c5e48\windows-amd64;C:\Users\Administrator\.gradle\native\100fb08df4bc3b14c8652ba06237920a3bd2aa13389f12d3474272988ae205f9\windows-amd64

VM Arguments:
jvm_args: --add-opens=java.base/java.lang=ALL-UNNAMED --add-opens=java.base/java.lang.invoke=ALL-UNNAMED --add-opens=java.base/java.util=ALL-UNNAMED --add-opens=java.prefs/java.util.prefs=ALL-UNNAMED --add-exports=jdk.compiler/com.sun.tools.javac.api=ALL-UNNAMED --add-exports=jdk.compiler/com.sun.tools.javac.util=ALL-UNNAMED --add-opens=java.base/java.util=ALL-UNNAMED --add-opens=java.prefs/java.util.prefs=ALL-UNNAMED --add-opens=java.base/java.nio.charset=ALL-UNNAMED --add-opens=java.base/java.net=ALL-UNNAMED --add-opens=java.base/java.util.concurrent.atomic=ALL-UNNAMED --add-opens=java.xml/javax.xml.namespace=ALL-UNNAMED -Xmx2048m -Dfile.encoding=UTF-8 -Duser.country=CN -Duser.language=zh -Duser.variant -javaagent:C:\Users\Administrator\.gradle\wrapper\dists\gradle-8.11.1-bin\eac4u065zwes5phgltp5f9b9e\gradle-8.11.1\lib\agents\gradle-instrumentation-agent-8.11.1.jar 
java_command: org.gradle.launcher.daemon.bootstrap.GradleDaemon 8.11.1
java_class_path (initial): C:\Users\Administrator\.gradle\wrapper\dists\gradle-8.11.1-bin\eac4u065zwes5phgltp5f9b9e\gradle-8.11.1\lib\gradle-daemon-main-8.11.1.jar
Launcher Type: SUN_STANDARD

[Global flags]
     intx CICompilerCount                          = 4                                         {product} {ergonomic}
     uint ConcGCThreads                            = 2                                         {product} {ergonomic}
     uint G1ConcRefinementThreads                  = 8                                         {product} {ergonomic}
   size_t G1HeapRegionSize                         = 1048576                                   {product} {ergonomic}
    uintx GCDrainStackTargetSize                   = 64                                        {product} {ergonomic}
   size_t InitialHeapSize                          = 117440512                                 {product} {ergonomic}
   size_t MarkStackSize                            = 4194304                                   {product} {ergonomic}
   size_t MaxHeapSize                              = 2147483648                                {product} {command line}
   size_t MaxNewSize                               = 1287651328                                {product} {ergonomic}
   size_t MinHeapDeltaBytes                        = 1048576                                   {product} {ergonomic}
   size_t MinHeapSize                              = 8388608                                   {product} {ergonomic}
    uintx NonNMethodCodeHeapSize                   = 5839372                                {pd product} {ergonomic}
    uintx NonProfiledCodeHeapSize                  = 122909434                              {pd product} {ergonomic}
    uintx ProfiledCodeHeapSize                     = 122909434                              {pd product} {ergonomic}
    uintx ReservedCodeCacheSize                    = 251658240                              {pd product} {ergonomic}
     bool SegmentedCodeCache                       = true                                      {product} {ergonomic}
   size_t SoftMaxHeapSize                          = 2147483648                             {manageable} {ergonomic}
     bool UseCompressedOops                        = true                           {product lp64_product} {ergonomic}
     bool UseG1GC                                  = true                                      {product} {ergonomic}
     bool UseLargePagesIndividualAllocation        = false                                  {pd product} {ergonomic}

Logging:
Log output configuration:
 #0: stdout all=warning uptime,level,tags foldmultilines=false
 #1: stderr all=off uptime,level,tags foldmultilines=false

Environment Variables:
PATH=C:\Program Files (x86)\NVIDIA Corporation\PhysX\Common;C:\Windows\system32;C:\Windows;C:\Windows\System32\Wbem;C:\Windows\System32\WindowsPowerShell\v1.0\;C:\Windows\System32\OpenSSH\;C:\Program Files\Microsoft SQL Server\Client SDK\ODBC\170\Tools\Binn\;C:\Program Files (x86)\Microsoft SQL Server\150\Tools\Binn\;C:\Program Files\Microsoft SQL Server\150\Tools\Binn\;C:\Program Files\Microsoft SQL Server\150\DTS\Binn\;C:\Program Files (x86)\Windows Kits\8.1\Windows Performance Toolkit\;C:\Program Files\Git\cmd;C:\Users\Administrator\AppData\Local\Programs\Python\Python312\Scripts\;C:\Users\Administrator\AppData\Local\Programs\Python\Python312\;C:\Users\Administrator\AppData\Local\Microsoft\WindowsApps;;C:\Program Files\JetBrains\PyCharm Community Edition 2023.2.5\bin;;C:\Users\Administrator\AppData\Local\Programs\taobao\bin;D:\Microsoft VS Code\bin
USERNAME=Administrator
OS=Windows_NT
PROCESSOR_IDENTIFIER=AMD64 Family 23 Model 17 Stepping 0, AuthenticAMD
TMP=C:\Users\ADMINI~1\AppData\Local\Temp
TEMP=C:\Users\ADMINI~1\AppData\Local\Temp




Periodic native trim disabled

JNI global refs:
JNI global refs: 24, weak refs: 0

JNI global refs memory usage: 835, weak refs: 833

Process memory usage:
Resident Set Size: 182912K (2% of 7239248K total physical memory with 534260K free physical memory)

OOME stack traces (most recent first):
Classloader memory used:
Loader bootstrap                                                                       : 16108K
Loader org.gradle.internal.classloader.VisitableURLClassLoader                         : 10230K
Loader org.gradle.initialization.MixInLegacyTypesClassLoader                           : 1239K
Loader jdk.internal.loader.ClassLoaders$AppClassLoader                                 : 234K
Loader jdk.internal.loader.ClassLoaders$PlatformClassLoader                            : 153K

Classes loaded by more than one classloader:
Class org.gradle.internal.classloader.FilteringClassLoader                            : loaded 2 times (x 101B)
Class org.gradle.internal.classloader.ClassLoaderHierarchy                            : loaded 2 times (x 66B)
Class org.gradle.api.internal.classpath.ManifestUtil                                  : loaded 2 times (x 67B)
Class org.gradle.internal.classloader.DefaultClassLoaderFactory                       : loaded 2 times (x 78B)
Class org.gradle.internal.classloader.ClassLoaderVisitor                              : loaded 2 times (x 72B)
Class org.gradle.api.internal.classpath.EffectiveClassPath                            : loaded 2 times (x 86B)
Class org.gradle.api.internal.DefaultClassPathProvider                                : loaded 2 times (x 72B)
Class [Lorg.gradle.api.internal.ClassPathProvider;                                    : loaded 2 times (x 65B)
Class org.gradle.api.internal.ClassPathProvider                                       : loaded 2 times (x 66B)
Class org.gradle.internal.service.UnknownServiceException                             : loaded 2 times (x 79B)
Class org.gradle.internal.classpath.TransformedClassPath                              : loaded 2 times (x 92B)
Class org.gradle.internal.classloader.InstrumentingClassLoader                        : loaded 2 times (x 66B)
Class org.gradle.internal.service.ServiceLocator                                      : loaded 2 times (x 66B)
Class org.gradle.internal.InternalTransformer                                         : loaded 2 times (x 66B)
Class org.gradle.internal.classloader.ClasspathUtil$1                                 : loaded 2 times (x 72B)
Class org.gradle.api.internal.classpath.DefaultModuleRegistry$DefaultModule           : loaded 2 times (x 82B)
Class org.gradle.api.internal.classpath.Module                                        : loaded 2 times (x 66B)
Class org.gradle.api.internal.classpath.UnknownModuleException                        : loaded 2 times (x 78B)
Class org.gradle.api.internal.DefaultClassPathRegistry                                : loaded 2 times (x 72B)
Class org.gradle.api.internal.ClassPathRegistry                                       : loaded 2 times (x 66B)
Class org.gradle.internal.classpath.DefaultClassPath$ImmutableUniqueList              : loaded 2 times (x 195B)
Class org.gradle.internal.classpath.ClassPath                                         : loaded 2 times (x 66B)
Class org.gradle.api.UncheckedIOException                                             : loaded 2 times (x 78B)
Class org.gradle.internal.installation.GradleInstallation$1                           : loaded 2 times (x 71B)
Class org.gradle.api.internal.classpath.ModuleRegistry                                : loaded 2 times (x 66B)
Class org.gradle.api.internal.classpath.DefaultModuleRegistry                         : loaded 2 times (x 82B)
Class org.gradle.internal.service.ServiceLookupException                              : loaded 2 times (x 78B)
Class org.gradle.internal.classloader.ClassLoaderFactory                              : loaded 2 times (x 66B)
Class org.gradle.internal.service.CachingServiceLocator                               : loaded 2 times (x 78B)
Class org.gradle.internal.classloader.ClasspathUtil                                   : loaded 2 times (x 67B)
Class org.gradle.api.specs.Spec                                                       : loaded 2 times (x 66B)
Class org.gradle.internal.classloader.VisitableURLClassLoader$InstrumentingVisitableURLClassLoader: loaded 2 times (x 119B)
Class org.gradle.internal.classloader.VisitableURLClassLoader$Spec                    : loaded 2 times (x 70B)
Class org.gradle.internal.classpath.DefaultClassPath                                  : loaded 2 times (x 86B)
Class org.gradle.internal.classloader.ClassLoaderSpec                                 : loaded 2 times (x 67B)
Class org.gradle.internal.classloader.VisitableURLClassLoader                         : loaded 2 times (x 113B)
Class org.gradle.internal.Cast                                                        : loaded 2 times (x 67B)
Class org.gradle.api.Action                                                           : loaded 2 times (x 66B)
Class org.gradle.internal.classpath.DefaultClassPath$ImmutableUniqueList$Builder      : loaded 2 times (x 71B)
Class org.gradle.api.GradleException                                                  : loaded 2 times (x 78B)
Class org.gradle.internal.IoActions                                                   : loaded 2 times (x 67B)
Class org.gradle.internal.classloader.SystemClassLoaderSpec                           : loaded 2 times (x 67B)
Class org.gradle.api.internal.classpath.GlobalCacheRootsProvider                      : loaded 2 times (x 66B)
Class org.gradle.internal.installation.CurrentGradleInstallationLocator               : loaded 2 times (x 67B)
Class org.gradle.internal.service.DefaultServiceLocator                               : loaded 2 times (x 79B)
Class org.gradle.internal.installation.CurrentGradleInstallation                      : loaded 2 times (x 69B)
Class org.gradle.util.internal.GUtil                                                  : loaded 2 times (x 67B)
Class org.gradle.internal.installation.GradleInstallation                             : loaded 2 times (x 71B)

---------------  S Y S T E M  ---------------

OS:
 Windows 10 , 64 bit Build 19041 (10.0.19041.7291)
OS uptime: 0 days 18:12 hours

CPU: total 8 (initial active 8) (8 cores per cpu, 2 threads per core) family 23 model 17 stepping 0 microcode 0x0, cx8, cmov, fxsr, ht, mmx, 3dnowpref, sse, sse2, sse3, ssse3, sse4a, sse4.1, sse4.2, popcnt, lzcnt, tsc, tscinvbit, avx, avx2, aes, clmul, bmi1, bmi2, adx, sha, fma, vzeroupper, clflush, clflushopt, rdtscp, f16c
Processor Information for the first 8 processors :
  Max Mhz: 2000, Current Mhz: 2000, Mhz Limit: 2000

Memory: 4k page, system-wide physical 7069M (521M free)
TotalPageFile size 13485M (AvailPageFile size 14M)
current process WorkingSet (physical memory assigned to process): 179M, peak: 179M
current process commit charge ("private bytes"): 227M, peak: 235M

vm_info: OpenJDK 64-Bit Server VM (21.0.6+-13368085-b895.109) for windows-amd64 JRE (21.0.6+-13368085-b895.109), built on 2025-04-16T17:01:31Z by "builder" with MS VC++ 16.10 / 16.11 (VS2019)

END.
