#
# There is insufficient memory for the Java Runtime Environment to continue.
# Native memory allocation (malloc) failed to allocate 1054896 bytes. Error detail: Chunk::new
# Possible reasons:
#   The system is out of physical RAM or swap space
#   This process is running with CompressedOops enabled, and the Java Heap may be blocking the growth of the native heap
# Possible solutions:
#   Reduce memory load on the system
#   Increase physical memory or swap space
#   Check if swap backing store is full
#   Decrease Java heap size (-Xmx/-Xms)
#   Decrease number of Java threads
#   Decrease Java thread stack sizes (-Xss)
#   Set larger code cache with -XX:ReservedCodeCacheSize=
#   JVM is running with Unscaled Compressed Oops mode in which the Java heap is
#     placed in the first 4GB address space. The Java Heap base address is the
#     maximum limit for the native heap growth. Please use -XX:HeapBaseMinAddress
#     to set the Java Heap base and to place the Java Heap above 4GB virtual address.
# This output file may be truncated or incomplete.
#
#  Out of Memory Error (arena.cpp:168), pid=18392, tid=860
#
# JRE version: OpenJDK Runtime Environment (21.0.6) (build 21.0.6+-13368085-b895.109)
# Java VM: OpenJDK 64-Bit Server VM (21.0.6+-13368085-b895.109, mixed mode, tiered, compressed oops, compressed class ptrs, g1 gc, windows-amd64)
# No core dump will be written. Minidumps are not enabled by default on client versions of Windows
#

---------------  S U M M A R Y ------------

Command Line: --add-opens=java.base/java.lang=ALL-UNNAMED --add-opens=java.base/java.lang.invoke=ALL-UNNAMED --add-opens=java.base/java.util=ALL-UNNAMED --add-opens=java.prefs/java.util.prefs=ALL-UNNAMED --add-exports=jdk.compiler/com.sun.tools.javac.api=ALL-UNNAMED --add-exports=jdk.compiler/com.sun.tools.javac.util=ALL-UNNAMED --add-opens=java.base/java.util=ALL-UNNAMED --add-opens=java.prefs/java.util.prefs=ALL-UNNAMED --add-opens=java.base/java.nio.charset=ALL-UNNAMED --add-opens=java.base/java.net=ALL-UNNAMED --add-opens=java.base/java.util.concurrent.atomic=ALL-UNNAMED --add-opens=java.xml/javax.xml.namespace=ALL-UNNAMED -Xmx2048m -Dfile.encoding=UTF-8 -Duser.country=CN -Duser.language=zh -Duser.variant -javaagent:C:\Users\Administrator\.gradle\wrapper\dists\gradle-8.11.1-bin\eac4u065zwes5phgltp5f9b9e\gradle-8.11.1\lib\agents\gradle-instrumentation-agent-8.11.1.jar org.gradle.launcher.daemon.bootstrap.GradleDaemon 8.11.1

Host: AMD Ryzen 5 2500U with Radeon Vega Mobile Gfx  , 8 cores, 6G,  Windows 10 , 64 bit Build 19041 (10.0.19041.7291)
Time: Tue Jun 23 22:23:21 2026  Windows 10 , 64 bit Build 19041 (10.0.19041.7291) elapsed time: 26.768112 seconds (0d 0h 0m 26s)

---------------  T H R E A D  ---------------

Current thread (0x000001942c4023b0):  JavaThread "C2 CompilerThread0" daemon [_thread_in_native, id=860, stack(0x000000050eb00000,0x000000050ec00000) (1024K)]


Current CompileTask:
C2:26768 9834 %     4       org.gradle.internal.instantiation.generator.AbstractClassGenerator::inspectType @ 207 (560 bytes)

Stack: [0x000000050eb00000,0x000000050ec00000]
Native frames: (J=compiled Java code, j=interpreted, Vv=VM code, C=native code)
V  [jvm.dll+0x6d0639]
V  [jvm.dll+0x85eb03]
V  [jvm.dll+0x86105e]
V  [jvm.dll+0x861743]
V  [jvm.dll+0x27e6e6]
V  [jvm.dll+0xbff6d]
V  [jvm.dll+0xc04a3]
V  [jvm.dll+0x2f2780]
V  [jvm.dll+0x5fa409]
V  [jvm.dll+0x250d92]
V  [jvm.dll+0x25114f]
V  [jvm.dll+0x2498f5]
V  [jvm.dll+0x24714e]
V  [jvm.dll+0x1c5f04]
V  [jvm.dll+0x2569ac]
V  [jvm.dll+0x254ef6]
V  [jvm.dll+0x3f0e96]
V  [jvm.dll+0x806ed8]
V  [jvm.dll+0x6cef0d]
C  [ucrtbase.dll+0x21bb2]
C  [KERNEL32.DLL+0x17374]
C  [ntdll.dll+0x4cc91]


---------------  P R O C E S S  ---------------

Threads class SMR info:
_java_thread_list=0x0000019434d06a90, length=56, elements={
0x0000019414b55450, 0x000001942c4187a0, 0x000001942c3f6470, 0x000001942c428de0,
0x000001942c429830, 0x000001942c42a690, 0x000001942c3fa8f0, 0x000001942c4023b0,
0x000001942c402e40, 0x000001942c4f1830, 0x000001942c71a8a0, 0x00000194324b60b0,
0x000001943240b8e0, 0x0000019432415900, 0x000001943231e790, 0x000001943231edf0,
0x0000019432626640, 0x00000194324959d0, 0x000001943263cd90, 0x00000194324e3e10,
0x00000194326dac30, 0x00000194326db950, 0x00000194326d91f0, 0x00000194326db2c0,
0x00000194326d8b60, 0x00000194326d9880, 0x00000194326d9f10, 0x00000194326da5a0,
0x0000019435ff3bf0, 0x0000019435ff4280, 0x0000019435ff7d90, 0x0000019435ff7700,
0x0000019435ff4fa0, 0x0000019435ff5630, 0x0000019435ff69e0, 0x0000019435ff5cc0,
0x0000019435ff7070, 0x00000194378fa7d0, 0x00000194378fa140, 0x00000194378f6630,
0x00000194378f6cc0, 0x00000194378fb4f0, 0x00000194378f7350, 0x00000194378f5910,
0x00000194378f4560, 0x00000194378f4bf0, 0x00000194378f9ab0, 0x00000194378f79e0,
0x00000194378f9420, 0x00000194378fae60, 0x00000194378f8d90, 0x00000194378fbb80,
0x00000194378f5280, 0x0000019432d6e820, 0x0000019432d6eeb0, 0x0000019432aa1510
}

Java Threads: ( => current thread )
  0x0000019414b55450 JavaThread "main"                              [_thread_blocked, id=17300, stack(0x000000050dd00000,0x000000050de00000) (1024K)]
  0x000001942c4187a0 JavaThread "Reference Handler"          daemon [_thread_blocked, id=3008, stack(0x000000050e500000,0x000000050e600000) (1024K)]
  0x000001942c3f6470 JavaThread "Finalizer"                  daemon [_thread_blocked, id=4928, stack(0x000000050e600000,0x000000050e700000) (1024K)]
  0x000001942c428de0 JavaThread "Signal Dispatcher"          daemon [_thread_blocked, id=9344, stack(0x000000050e700000,0x000000050e800000) (1024K)]
  0x000001942c429830 JavaThread "Attach Listener"            daemon [_thread_blocked, id=8984, stack(0x000000050e800000,0x000000050e900000) (1024K)]
  0x000001942c42a690 JavaThread "Service Thread"             daemon [_thread_blocked, id=15880, stack(0x000000050e900000,0x000000050ea00000) (1024K)]
  0x000001942c3fa8f0 JavaThread "Monitor Deflation Thread"   daemon [_thread_blocked, id=6208, stack(0x000000050ea00000,0x000000050eb00000) (1024K)]
=>0x000001942c4023b0 JavaThread "C2 CompilerThread0"         daemon [_thread_in_native, id=860, stack(0x000000050eb00000,0x000000050ec00000) (1024K)]
  0x000001942c402e40 JavaThread "C1 CompilerThread0"         daemon [_thread_blocked, id=5600, stack(0x000000050ec00000,0x000000050ed00000) (1024K)]
  0x000001942c4f1830 JavaThread "Common-Cleaner"             daemon [_thread_blocked, id=10000, stack(0x000000050ed00000,0x000000050ee00000) (1024K)]
  0x000001942c71a8a0 JavaThread "Notification Thread"        daemon [_thread_blocked, id=14920, stack(0x000000050ee00000,0x000000050ef00000) (1024K)]
  0x00000194324b60b0 JavaThread "Daemon health stats"               [_thread_blocked, id=10096, stack(0x000000050f400000,0x000000050f500000) (1024K)]
  0x000001943240b8e0 JavaThread "Incoming local TCP Connector on port 19008"        [_thread_in_native, id=9664, stack(0x000000050f500000,0x000000050f600000) (1024K)]
  0x0000019432415900 JavaThread "Daemon periodic checks"            [_thread_blocked, id=11648, stack(0x000000050f600000,0x000000050f700000) (1024K)]
  0x000001943231e790 JavaThread "Daemon"                            [_thread_blocked, id=19572, stack(0x000000050f700000,0x000000050f800000) (1024K)]
  0x000001943231edf0 JavaThread "Handler for socket connection from /127.0.0.1:19008 to /127.0.0.1:19009"        [_thread_in_native, id=10936, stack(0x000000050f800000,0x000000050f900000) (1024K)]
  0x0000019432626640 JavaThread "Cancel handler"                    [_thread_blocked, id=2472, stack(0x000000050f900000,0x000000050fa00000) (1024K)]
  0x00000194324959d0 JavaThread "Daemon worker"                     [_thread_in_vm, id=7784, stack(0x000000050fa00000,0x000000050fb00000) (1024K)]
  0x000001943263cd90 JavaThread "Asynchronous log dispatcher for DefaultDaemonConnection: socket connection from /127.0.0.1:19008 to /127.0.0.1:19009"        [_thread_blocked, id=3536, stack(0x000000050fb00000,0x000000050fc00000) (1024K)]
  0x00000194324e3e10 JavaThread "Stdin handler"                     [_thread_blocked, id=4328, stack(0x000000050fc00000,0x000000050fd00000) (1024K)]
  0x00000194326dac30 JavaThread "Daemon client event forwarder"        [_thread_blocked, id=18420, stack(0x000000050fd00000,0x000000050fe00000) (1024K)]
  0x00000194326db950 JavaThread "Cache worker for journal cache (C:\Users\Administrator\.gradle\caches\journal-1)"        [_thread_blocked, id=19616, stack(0x0000000510200000,0x0000000510300000) (1024K)]
  0x00000194326d91f0 JavaThread "File lock request listener"        [_thread_in_native, id=3772, stack(0x0000000510300000,0x0000000510400000) (1024K)]
  0x00000194326db2c0 JavaThread "Cache worker for file hash cache (C:\Users\Administrator\.gradle\caches\8.11.1\fileHashes)"        [_thread_blocked, id=13496, stack(0x0000000510400000,0x0000000510500000) (1024K)]
  0x00000194326d8b60 JavaThread "Cache worker for file content cache (C:\Users\Administrator\.gradle\caches\8.11.1\fileContent)"        [_thread_blocked, id=6676, stack(0x0000000510600000,0x0000000510700000) (1024K)]
  0x00000194326d9880 JavaThread "Cache worker for file hash cache (D:\MyApp\.gradle\8.11.1\fileHashes)"        [_thread_blocked, id=548, stack(0x0000000510700000,0x0000000510800000) (1024K)]
  0x00000194326d9f10 JavaThread "Cache worker for Build Output Cleanup Cache (D:\MyApp\.gradle\buildOutputCleanup)"        [_thread_blocked, id=10092, stack(0x0000000510800000,0x0000000510900000) (1024K)]
  0x00000194326da5a0 JavaThread "File watcher server"        daemon [_thread_in_native, id=5680, stack(0x0000000510900000,0x0000000510a00000) (1024K)]
  0x0000019435ff3bf0 JavaThread "File watcher consumer"      daemon [_thread_blocked, id=7688, stack(0x0000000510a00000,0x0000000510b00000) (1024K)]
  0x0000019435ff4280 JavaThread "Cache worker for checksums cache (D:\MyApp\.gradle\8.11.1\checksums)"        [_thread_blocked, id=14388, stack(0x0000000510500000,0x0000000510600000) (1024K)]
  0x0000019435ff7d90 JavaThread "Cache worker for cache directory md-rule (C:\Users\Administrator\.gradle\caches\8.11.1\md-rule)"        [_thread_blocked, id=244, stack(0x0000000510b00000,0x0000000510c00000) (1024K)]
  0x0000019435ff7700 JavaThread "Cache worker for cache directory md-supplier (C:\Users\Administrator\.gradle\caches\8.11.1\md-supplier)"        [_thread_blocked, id=3940, stack(0x0000000510c00000,0x0000000510d00000) (1024K)]
  0x0000019435ff4fa0 JavaThread "Unconstrained build operations"        [_thread_blocked, id=8916, stack(0x0000000510e00000,0x0000000510f00000) (1024K)]
  0x0000019435ff5630 JavaThread "Unconstrained build operations Thread 2"        [_thread_blocked, id=11776, stack(0x0000000510f00000,0x0000000511000000) (1024K)]
  0x0000019435ff69e0 JavaThread "Unconstrained build operations Thread 3"        [_thread_blocked, id=14184, stack(0x0000000511000000,0x0000000511100000) (1024K)]
  0x0000019435ff5cc0 JavaThread "Unconstrained build operations Thread 4"        [_thread_blocked, id=15400, stack(0x0000000511100000,0x0000000511200000) (1024K)]
  0x0000019435ff7070 JavaThread "Unconstrained build operations Thread 5"        [_thread_blocked, id=8512, stack(0x0000000511200000,0x0000000511300000) (1024K)]
  0x00000194378fa7d0 JavaThread "Unconstrained build operations Thread 6"        [_thread_blocked, id=18456, stack(0x0000000511300000,0x0000000511400000) (1024K)]
  0x00000194378fa140 JavaThread "Unconstrained build operations Thread 7"        [_thread_blocked, id=10476, stack(0x0000000511400000,0x0000000511500000) (1024K)]
  0x00000194378f6630 JavaThread "Unconstrained build operations Thread 8"        [_thread_blocked, id=16796, stack(0x0000000511500000,0x0000000511600000) (1024K)]
  0x00000194378f6cc0 JavaThread "Unconstrained build operations Thread 9"        [_thread_blocked, id=18052, stack(0x0000000511600000,0x0000000511700000) (1024K)]
  0x00000194378fb4f0 JavaThread "Unconstrained build operations Thread 10"        [_thread_blocked, id=20076, stack(0x0000000511700000,0x0000000511800000) (1024K)]
  0x00000194378f7350 JavaThread "Unconstrained build operations Thread 11"        [_thread_blocked, id=960, stack(0x0000000511800000,0x0000000511900000) (1024K)]
  0x00000194378f5910 JavaThread "Unconstrained build operations Thread 12"        [_thread_blocked, id=12088, stack(0x0000000511900000,0x0000000511a00000) (1024K)]
  0x00000194378f4560 JavaThread "Unconstrained build operations Thread 13"        [_thread_blocked, id=12464, stack(0x0000000511a00000,0x0000000511b00000) (1024K)]
  0x00000194378f4bf0 JavaThread "Unconstrained build operations Thread 14"        [_thread_blocked, id=17380, stack(0x0000000511b00000,0x0000000511c00000) (1024K)]
  0x00000194378f9ab0 JavaThread "Unconstrained build operations Thread 15"        [_thread_blocked, id=512, stack(0x0000000511c00000,0x0000000511d00000) (1024K)]
  0x00000194378f79e0 JavaThread "Unconstrained build operations Thread 16"        [_thread_blocked, id=18096, stack(0x0000000511d00000,0x0000000511e00000) (1024K)]
  0x00000194378f9420 JavaThread "Unconstrained build operations Thread 17"        [_thread_blocked, id=14252, stack(0x0000000511e00000,0x0000000511f00000) (1024K)]
  0x00000194378fae60 JavaThread "Unconstrained build operations Thread 18"        [_thread_blocked, id=13480, stack(0x0000000511f00000,0x0000000512000000) (1024K)]
  0x00000194378f8d90 JavaThread "Unconstrained build operations Thread 19"        [_thread_blocked, id=18104, stack(0x0000000512000000,0x0000000512100000) (1024K)]
  0x00000194378fbb80 JavaThread "Unconstrained build operations Thread 20"        [_thread_blocked, id=2884, stack(0x0000000512100000,0x0000000512200000) (1024K)]
  0x00000194378f5280 JavaThread "Unconstrained build operations Thread 21"        [_thread_blocked, id=17788, stack(0x0000000512200000,0x0000000512300000) (1024K)]
  0x0000019432d6e820 JavaThread "build event listener"              [_thread_blocked, id=19060, stack(0x0000000510d00000,0x0000000510e00000) (1024K)]
  0x0000019432d6eeb0 JavaThread "Memory manager"                    [_thread_blocked, id=14936, stack(0x000000050ef00000,0x000000050f000000) (1024K)]
  0x0000019432aa1510 JavaThread "C2 CompilerThread1"         daemon [_thread_blocked, id=6608, stack(0x0000000512300000,0x0000000512400000) (1024K)]
Total: 56

Other Threads:
  0x000001942c225fa0 VMThread "VM Thread"                           [id=12032, stack(0x000000050e400000,0x000000050e500000) (1024K)]
  0x000001942c1c5e00 WatcherThread "VM Periodic Task Thread"        [id=10112, stack(0x000000050e300000,0x000000050e400000) (1024K)]
  0x00000194129be060 WorkerThread "GC Thread#0"                     [id=3388, stack(0x000000050de00000,0x000000050df00000) (1024K)]
  0x000001942ccaf990 WorkerThread "GC Thread#1"                     [id=6176, stack(0x000000050f100000,0x000000050f200000) (1024K)]
  0x000001942ccb9ae0 WorkerThread "GC Thread#2"                     [id=9544, stack(0x000000050f200000,0x000000050f300000) (1024K)]
  0x000001942c88e9a0 WorkerThread "GC Thread#3"                     [id=6080, stack(0x000000050f300000,0x000000050f400000) (1024K)]
  0x00000194311f84b0 WorkerThread "GC Thread#4"                     [id=1848, stack(0x000000050f000000,0x000000050f100000) (1024K)]
  0x0000019432668840 WorkerThread "GC Thread#5"                     [id=20324, stack(0x000000050fe00000,0x000000050ff00000) (1024K)]
  0x0000019432668be0 WorkerThread "GC Thread#6"                     [id=6856, stack(0x000000050ff00000,0x0000000510000000) (1024K)]
  0x00000194326a4cf0 WorkerThread "GC Thread#7"                     [id=13148, stack(0x0000000510000000,0x0000000510100000) (1024K)]
  0x0000019414bbabe0 ConcurrentGCThread "G1 Main Marker"            [id=540, stack(0x000000050df00000,0x000000050e000000) (1024K)]
  0x0000019414bbbc90 WorkerThread "G1 Conc#0"                       [id=17372, stack(0x000000050e000000,0x000000050e100000) (1024K)]
  0x00000194326a5090 WorkerThread "G1 Conc#1"                       [id=1064, stack(0x0000000510100000,0x0000000510200000) (1024K)]
  0x0000019414c1e1e0 ConcurrentGCThread "G1 Refine#0"               [id=14468, stack(0x000000050e100000,0x000000050e200000) (1024K)]
  0x000001942c0974f0 ConcurrentGCThread "G1 Service"                [id=11160, stack(0x000000050e200000,0x000000050e300000) (1024K)]
Total: 15

Threads with active compile tasks:
C2 CompilerThread0  26840 9834 %     4       org.gradle.internal.instantiation.generator.AbstractClassGenerator::inspectType @ 207 (560 bytes)
Total: 1

VM state: not at safepoint (normal execution)

VM Mutex/Monitor currently owned by a thread: None

Heap address: 0x0000000080000000, size: 2048 MB, Compressed Oops mode: 32-bit

CDS archive(s) not mapped
Compressed class space mapped at: 0x0000000100000000-0x0000000140000000, reserved size: 1073741824
Narrow klass base: 0x0000000000000000, Narrow klass shift: 3, Narrow klass range: 0x140000000

GC Precious Log:
 CardTable entry size: 512
 Card Set container configuration: InlinePtr #cards 5 size 8 Array Of Cards #cards 12 size 40 Howl #buckets 4 coarsen threshold 1843 Howl Bitmap #cards 512 size 80 coarsen threshold 460 Card regions per heap region 1 cards per card region 2048
 CPUs: 8 total, 8 available
 Memory: 7069M
 Large Page Support: Disabled
 NUMA Support: Disabled
 Compressed Oops: Enabled (32-bit)
 Heap Region Size: 1M
 Heap Min Capacity: 8M
 Heap Initial Capacity: 112M
 Heap Max Capacity: 2G
 Pre-touch: Disabled
 Parallel Workers: 8
 Concurrent Workers: 2
 Concurrent Refinement Workers: 8
 Periodic GC: Disabled

Heap:
 garbage-first heap   total 126976K, used 77145K [0x0000000080000000, 0x0000000100000000)
  region size 1024K, 6 young (6144K), 4 survivors (4096K)
 Metaspace       used 91149K, committed 93120K, reserved 1179648K
  class space    used 12441K, committed 13440K, reserved 1048576K

Heap Regions: E=young(eden), S=young(survivor), O=old, HS=humongous(starts), HC=humongous(continues), CS=collection set, F=free, TAMS=top-at-mark-start, PB=parsable bottom
|   0|0x0000000080000000, 0x0000000080100000, 0x0000000080100000|100%|HS|  |TAMS 0x0000000080100000| PB 0x0000000080000000| Complete 
|   1|0x0000000080100000, 0x0000000080200000, 0x0000000080200000|100%|HC|  |TAMS 0x0000000080200000| PB 0x0000000080100000| Complete 
|   2|0x0000000080200000, 0x0000000080300000, 0x0000000080300000|100%|HC|  |TAMS 0x0000000080300000| PB 0x0000000080200000| Complete 
|   3|0x0000000080300000, 0x0000000080400000, 0x0000000080400000|100%| O|  |TAMS 0x0000000080400000| PB 0x0000000080300000| Untracked 
|   4|0x0000000080400000, 0x0000000080500000, 0x0000000080500000|100%| O|  |TAMS 0x0000000080500000| PB 0x0000000080400000| Untracked 
|   5|0x0000000080500000, 0x0000000080600000, 0x0000000080600000|100%| O|  |TAMS 0x0000000080600000| PB 0x0000000080500000| Untracked 
|   6|0x0000000080600000, 0x0000000080700000, 0x0000000080700000|100%|HS|  |TAMS 0x0000000080700000| PB 0x0000000080600000| Complete 
|   7|0x0000000080700000, 0x0000000080800000, 0x0000000080800000|100%| O|  |TAMS 0x0000000080800000| PB 0x0000000080700000| Untracked 
|   8|0x0000000080800000, 0x0000000080900000, 0x0000000080900000|100%| O|  |TAMS 0x0000000080900000| PB 0x0000000080800000| Untracked 
|   9|0x0000000080900000, 0x0000000080a00000, 0x0000000080a00000|100%| O|  |TAMS 0x0000000080a00000| PB 0x0000000080900000| Untracked 
|  10|0x0000000080a00000, 0x0000000080b00000, 0x0000000080b00000|100%| O|  |TAMS 0x0000000080b00000| PB 0x0000000080a00000| Untracked 
|  11|0x0000000080b00000, 0x0000000080c00000, 0x0000000080c00000|100%| O|  |TAMS 0x0000000080c00000| PB 0x0000000080b00000| Untracked 
|  12|0x0000000080c00000, 0x0000000080d00000, 0x0000000080d00000|100%| O|  |TAMS 0x0000000080d00000| PB 0x0000000080c00000| Untracked 
|  13|0x0000000080d00000, 0x0000000080e00000, 0x0000000080e00000|100%| O|  |TAMS 0x0000000080e00000| PB 0x0000000080d00000| Untracked 
|  14|0x0000000080e00000, 0x0000000080f00000, 0x0000000080f00000|100%| O|  |TAMS 0x0000000080f00000| PB 0x0000000080e00000| Untracked 
|  15|0x0000000080f00000, 0x0000000081000000, 0x0000000081000000|100%| O|  |TAMS 0x0000000081000000| PB 0x0000000080f00000| Untracked 
|  16|0x0000000081000000, 0x0000000081100000, 0x0000000081100000|100%| O|  |TAMS 0x0000000081100000| PB 0x0000000081000000| Untracked 
|  17|0x0000000081100000, 0x0000000081200000, 0x0000000081200000|100%| O|  |TAMS 0x0000000081200000| PB 0x0000000081100000| Untracked 
|  18|0x0000000081200000, 0x0000000081300000, 0x0000000081300000|100%| O|  |TAMS 0x0000000081300000| PB 0x0000000081200000| Untracked 
|  19|0x0000000081300000, 0x0000000081400000, 0x0000000081400000|100%| O|  |TAMS 0x0000000081400000| PB 0x0000000081300000| Untracked 
|  20|0x0000000081400000, 0x0000000081500000, 0x0000000081500000|100%| O|  |TAMS 0x0000000081500000| PB 0x0000000081400000| Untracked 
|  21|0x0000000081500000, 0x0000000081600000, 0x0000000081600000|100%| O|  |TAMS 0x0000000081600000| PB 0x0000000081500000| Untracked 
|  22|0x0000000081600000, 0x0000000081700000, 0x0000000081700000|100%| O|  |TAMS 0x0000000081700000| PB 0x0000000081600000| Untracked 
|  23|0x0000000081700000, 0x0000000081800000, 0x0000000081800000|100%| O|  |TAMS 0x0000000081800000| PB 0x0000000081700000| Untracked 
|  24|0x0000000081800000, 0x0000000081900000, 0x0000000081900000|100%| O|  |TAMS 0x0000000081900000| PB 0x0000000081800000| Untracked 
|  25|0x0000000081900000, 0x0000000081a00000, 0x0000000081a00000|100%|HS|  |TAMS 0x0000000081a00000| PB 0x0000000081900000| Complete 
|  26|0x0000000081a00000, 0x0000000081b00000, 0x0000000081b00000|100%| O|  |TAMS 0x0000000081b00000| PB 0x0000000081a00000| Untracked 
|  27|0x0000000081b00000, 0x0000000081c00000, 0x0000000081c00000|100%| O|  |TAMS 0x0000000081c00000| PB 0x0000000081b00000| Untracked 
|  28|0x0000000081c00000, 0x0000000081d00000, 0x0000000081d00000|100%| O|  |TAMS 0x0000000081d00000| PB 0x0000000081c00000| Untracked 
|  29|0x0000000081d00000, 0x0000000081e00000, 0x0000000081e00000|100%| O|  |TAMS 0x0000000081e00000| PB 0x0000000081d00000| Untracked 
|  30|0x0000000081e00000, 0x0000000081f00000, 0x0000000081f00000|100%| O|  |TAMS 0x0000000081f00000| PB 0x0000000081e00000| Untracked 
|  31|0x0000000081f00000, 0x0000000082000000, 0x0000000082000000|100%| O|  |TAMS 0x0000000082000000| PB 0x0000000081f00000| Untracked 
|  32|0x0000000082000000, 0x0000000082100000, 0x0000000082100000|100%| O|  |TAMS 0x0000000082100000| PB 0x0000000082000000| Untracked 
|  33|0x0000000082100000, 0x0000000082200000, 0x0000000082200000|100%| O|  |TAMS 0x0000000082200000| PB 0x0000000082100000| Untracked 
|  34|0x0000000082200000, 0x0000000082300000, 0x0000000082300000|100%| O|  |TAMS 0x0000000082300000| PB 0x0000000082200000| Untracked 
|  35|0x0000000082300000, 0x0000000082400000, 0x0000000082400000|100%| O|  |TAMS 0x0000000082400000| PB 0x0000000082300000| Untracked 
|  36|0x0000000082400000, 0x0000000082500000, 0x0000000082500000|100%| O|  |TAMS 0x0000000082500000| PB 0x0000000082400000| Untracked 
|  37|0x0000000082500000, 0x0000000082600000, 0x0000000082600000|100%| O|  |TAMS 0x0000000082600000| PB 0x0000000082500000| Untracked 
|  38|0x0000000082600000, 0x0000000082700000, 0x0000000082700000|100%| O|  |TAMS 0x0000000082700000| PB 0x0000000082600000| Untracked 
|  39|0x0000000082700000, 0x0000000082800000, 0x0000000082800000|100%|HS|  |TAMS 0x0000000082800000| PB 0x0000000082700000| Complete 
|  40|0x0000000082800000, 0x0000000082900000, 0x0000000082900000|100%|HS|  |TAMS 0x0000000082900000| PB 0x0000000082800000| Complete 
|  41|0x0000000082900000, 0x0000000082a00000, 0x0000000082a00000|100%| O|  |TAMS 0x0000000082a00000| PB 0x0000000082900000| Untracked 
|  42|0x0000000082a00000, 0x0000000082b00000, 0x0000000082b00000|100%|HS|  |TAMS 0x0000000082b00000| PB 0x0000000082a00000| Complete 
|  43|0x0000000082b00000, 0x0000000082c00000, 0x0000000082c00000|100%| O|  |TAMS 0x0000000082c00000| PB 0x0000000082b00000| Untracked 
|  44|0x0000000082c00000, 0x0000000082d00000, 0x0000000082d00000|100%|HS|  |TAMS 0x0000000082d00000| PB 0x0000000082c00000| Complete 
|  45|0x0000000082d00000, 0x0000000082e00000, 0x0000000082e00000|100%|HS|  |TAMS 0x0000000082e00000| PB 0x0000000082d00000| Complete 
|  46|0x0000000082e00000, 0x0000000082f00000, 0x0000000082f00000|100%| O|  |TAMS 0x0000000082f00000| PB 0x0000000082e00000| Untracked 
|  47|0x0000000082f00000, 0x0000000083000000, 0x0000000083000000|100%| O|  |TAMS 0x0000000083000000| PB 0x0000000082f00000| Untracked 
|  48|0x0000000083000000, 0x0000000083100000, 0x0000000083100000|100%| O|  |TAMS 0x0000000083100000| PB 0x0000000083000000| Untracked 
|  49|0x0000000083100000, 0x0000000083200000, 0x0000000083200000|100%|HS|  |TAMS 0x0000000083200000| PB 0x0000000083100000| Complete 
|  50|0x0000000083200000, 0x0000000083300000, 0x0000000083300000|100%| O|  |TAMS 0x0000000083300000| PB 0x0000000083200000| Untracked 
|  51|0x0000000083300000, 0x0000000083400000, 0x0000000083400000|100%| O|  |TAMS 0x0000000083400000| PB 0x0000000083300000| Untracked 
|  52|0x0000000083400000, 0x0000000083500000, 0x0000000083500000|100%| O|  |TAMS 0x0000000083500000| PB 0x0000000083400000| Untracked 
|  53|0x0000000083500000, 0x0000000083600000, 0x0000000083600000|100%| O|  |TAMS 0x0000000083600000| PB 0x0000000083500000| Untracked 
|  54|0x0000000083600000, 0x0000000083600000, 0x0000000083700000|  0%| F|  |TAMS 0x0000000083600000| PB 0x0000000083600000| Untracked 
|  55|0x0000000083700000, 0x0000000083700000, 0x0000000083800000|  0%| F|  |TAMS 0x0000000083700000| PB 0x0000000083700000| Untracked 
|  56|0x0000000083800000, 0x0000000083900000, 0x0000000083900000|100%| O|  |TAMS 0x0000000083900000| PB 0x0000000083800000| Untracked 
|  57|0x0000000083900000, 0x0000000083a00000, 0x0000000083a00000|100%| O|  |TAMS 0x0000000083a00000| PB 0x0000000083900000| Untracked 
|  58|0x0000000083a00000, 0x0000000083b00000, 0x0000000083b00000|100%| O|  |TAMS 0x0000000083b00000| PB 0x0000000083a00000| Untracked 
|  59|0x0000000083b00000, 0x0000000083c00000, 0x0000000083c00000|100%| O|  |TAMS 0x0000000083c00000| PB 0x0000000083b00000| Untracked 
|  60|0x0000000083c00000, 0x0000000083d00000, 0x0000000083d00000|100%| O|  |TAMS 0x0000000083d00000| PB 0x0000000083c00000| Untracked 
|  61|0x0000000083d00000, 0x0000000083e00000, 0x0000000083e00000|100%| O|  |TAMS 0x0000000083e00000| PB 0x0000000083d00000| Untracked 
|  62|0x0000000083e00000, 0x0000000083f00000, 0x0000000083f00000|100%| O|  |TAMS 0x0000000083f00000| PB 0x0000000083e00000| Untracked 
|  63|0x0000000083f00000, 0x0000000084000000, 0x0000000084000000|100%| O|  |TAMS 0x0000000084000000| PB 0x0000000083f00000| Untracked 
|  64|0x0000000084000000, 0x0000000084100000, 0x0000000084100000|100%| O|  |TAMS 0x0000000084100000| PB 0x0000000084000000| Untracked 
|  65|0x0000000084100000, 0x0000000084110890, 0x0000000084200000|  6%| O|  |TAMS 0x0000000084110890| PB 0x0000000084100000| Untracked 
|  66|0x0000000084200000, 0x0000000084200000, 0x0000000084300000|  0%| F|  |TAMS 0x0000000084200000| PB 0x0000000084200000| Untracked 
|  67|0x0000000084300000, 0x0000000084300000, 0x0000000084400000|  0%| F|  |TAMS 0x0000000084300000| PB 0x0000000084300000| Untracked 
|  68|0x0000000084400000, 0x0000000084400000, 0x0000000084500000|  0%| F|  |TAMS 0x0000000084400000| PB 0x0000000084400000| Untracked 
|  69|0x0000000084500000, 0x0000000084500000, 0x0000000084600000|  0%| F|  |TAMS 0x0000000084500000| PB 0x0000000084500000| Untracked 
|  70|0x0000000084600000, 0x0000000084600000, 0x0000000084700000|  0%| F|  |TAMS 0x0000000084600000| PB 0x0000000084600000| Untracked 
|  71|0x0000000084700000, 0x0000000084745c30, 0x0000000084800000| 27%| S|CS|TAMS 0x0000000084700000| PB 0x0000000084700000| Complete 
|  72|0x0000000084800000, 0x0000000084900000, 0x0000000084900000|100%| S|CS|TAMS 0x0000000084800000| PB 0x0000000084800000| Complete 
|  73|0x0000000084900000, 0x0000000084a00000, 0x0000000084a00000|100%| S|CS|TAMS 0x0000000084900000| PB 0x0000000084900000| Complete 
|  74|0x0000000084a00000, 0x0000000084a00000, 0x0000000084b00000|  0%| F|  |TAMS 0x0000000084a00000| PB 0x0000000084a00000| Untracked 
|  75|0x0000000084b00000, 0x0000000084b00000, 0x0000000084c00000|  0%| F|  |TAMS 0x0000000084b00000| PB 0x0000000084b00000| Untracked 
|  76|0x0000000084c00000, 0x0000000084d00000, 0x0000000084d00000|100%| S|CS|TAMS 0x0000000084c00000| PB 0x0000000084c00000| Complete 
|  77|0x0000000084d00000, 0x0000000084d00000, 0x0000000084e00000|  0%| F|  |TAMS 0x0000000084d00000| PB 0x0000000084d00000| Untracked 
|  78|0x0000000084e00000, 0x0000000084e00000, 0x0000000084f00000|  0%| F|  |TAMS 0x0000000084e00000| PB 0x0000000084e00000| Untracked 
|  79|0x0000000084f00000, 0x0000000084f00000, 0x0000000085000000|  0%| F|  |TAMS 0x0000000084f00000| PB 0x0000000084f00000| Untracked 
|  80|0x0000000085000000, 0x0000000085000000, 0x0000000085100000|  0%| F|  |TAMS 0x0000000085000000| PB 0x0000000085000000| Untracked 
|  81|0x0000000085100000, 0x0000000085100000, 0x0000000085200000|  0%| F|  |TAMS 0x0000000085100000| PB 0x0000000085100000| Untracked 
|  82|0x0000000085200000, 0x0000000085200000, 0x0000000085300000|  0%| F|  |TAMS 0x0000000085200000| PB 0x0000000085200000| Untracked 
|  83|0x0000000085300000, 0x0000000085300000, 0x0000000085400000|  0%| F|  |TAMS 0x0000000085300000| PB 0x0000000085300000| Untracked 
|  84|0x0000000085400000, 0x0000000085400000, 0x0000000085500000|  0%| F|  |TAMS 0x0000000085400000| PB 0x0000000085400000| Untracked 
|  85|0x0000000085500000, 0x0000000085500000, 0x0000000085600000|  0%| F|  |TAMS 0x0000000085500000| PB 0x0000000085500000| Untracked 
|  86|0x0000000085600000, 0x0000000085600000, 0x0000000085700000|  0%| F|  |TAMS 0x0000000085600000| PB 0x0000000085600000| Untracked 
|  87|0x0000000085700000, 0x0000000085700000, 0x0000000085800000|  0%| F|  |TAMS 0x0000000085700000| PB 0x0000000085700000| Untracked 
|  88|0x0000000085800000, 0x0000000085800000, 0x0000000085900000|  0%| F|  |TAMS 0x0000000085800000| PB 0x0000000085800000| Untracked 
|  89|0x0000000085900000, 0x0000000085900000, 0x0000000085a00000|  0%| F|  |TAMS 0x0000000085900000| PB 0x0000000085900000| Untracked 
|  90|0x0000000085a00000, 0x0000000085a00000, 0x0000000085b00000|  0%| F|  |TAMS 0x0000000085a00000| PB 0x0000000085a00000| Untracked 
|  91|0x0000000085b00000, 0x0000000085b00000, 0x0000000085c00000|  0%| F|  |TAMS 0x0000000085b00000| PB 0x0000000085b00000| Untracked 
|  92|0x0000000085c00000, 0x0000000085c00000, 0x0000000085d00000|  0%| F|  |TAMS 0x0000000085c00000| PB 0x0000000085c00000| Untracked 
|  93|0x0000000085d00000, 0x0000000085d00000, 0x0000000085e00000|  0%| F|  |TAMS 0x0000000085d00000| PB 0x0000000085d00000| Untracked 
|  94|0x0000000085e00000, 0x0000000085e00000, 0x0000000085f00000|  0%| F|  |TAMS 0x0000000085e00000| PB 0x0000000085e00000| Untracked 
|  95|0x0000000085f00000, 0x0000000085f00000, 0x0000000086000000|  0%| F|  |TAMS 0x0000000085f00000| PB 0x0000000085f00000| Untracked 
|  96|0x0000000086000000, 0x0000000086000000, 0x0000000086100000|  0%| F|  |TAMS 0x0000000086000000| PB 0x0000000086000000| Untracked 
|  97|0x0000000086100000, 0x0000000086100000, 0x0000000086200000|  0%| F|  |TAMS 0x0000000086100000| PB 0x0000000086100000| Untracked 
|  98|0x0000000086200000, 0x0000000086200000, 0x0000000086300000|  0%| F|  |TAMS 0x0000000086200000| PB 0x0000000086200000| Untracked 
|  99|0x0000000086300000, 0x0000000086300000, 0x0000000086400000|  0%| F|  |TAMS 0x0000000086300000| PB 0x0000000086300000| Untracked 
| 100|0x0000000086400000, 0x0000000086400000, 0x0000000086500000|  0%| F|  |TAMS 0x0000000086400000| PB 0x0000000086400000| Untracked 
| 101|0x0000000086500000, 0x0000000086500000, 0x0000000086600000|  0%| F|  |TAMS 0x0000000086500000| PB 0x0000000086500000| Untracked 
| 102|0x0000000086600000, 0x0000000086600000, 0x0000000086700000|  0%| F|  |TAMS 0x0000000086600000| PB 0x0000000086600000| Untracked 
| 103|0x0000000086700000, 0x0000000086700000, 0x0000000086800000|  0%| F|  |TAMS 0x0000000086700000| PB 0x0000000086700000| Untracked 
| 104|0x0000000086800000, 0x0000000086800000, 0x0000000086900000|  0%| F|  |TAMS 0x0000000086800000| PB 0x0000000086800000| Untracked 
| 105|0x0000000086900000, 0x0000000086900000, 0x0000000086a00000|  0%| F|  |TAMS 0x0000000086900000| PB 0x0000000086900000| Untracked 
| 106|0x0000000086a00000, 0x0000000086a00000, 0x0000000086b00000|  0%| F|  |TAMS 0x0000000086a00000| PB 0x0000000086a00000| Untracked 
| 107|0x0000000086b00000, 0x0000000086b00000, 0x0000000086c00000|  0%| F|  |TAMS 0x0000000086b00000| PB 0x0000000086b00000| Untracked 
| 108|0x0000000086c00000, 0x0000000086c00000, 0x0000000086d00000|  0%| F|  |TAMS 0x0000000086c00000| PB 0x0000000086c00000| Untracked 
| 109|0x0000000086d00000, 0x0000000086d00000, 0x0000000086e00000|  0%| F|  |TAMS 0x0000000086d00000| PB 0x0000000086d00000| Untracked 
| 110|0x0000000086e00000, 0x0000000086e00000, 0x0000000086f00000|  0%| F|  |TAMS 0x0000000086e00000| PB 0x0000000086e00000| Untracked 
| 111|0x0000000086f00000, 0x0000000086f00000, 0x0000000087000000|  0%| F|  |TAMS 0x0000000086f00000| PB 0x0000000086f00000| Untracked 
| 112|0x0000000087000000, 0x0000000087000000, 0x0000000087100000|  0%| F|  |TAMS 0x0000000087000000| PB 0x0000000087000000| Untracked 
| 113|0x0000000087100000, 0x0000000087180000, 0x0000000087200000| 50%| E|  |TAMS 0x0000000087100000| PB 0x0000000087100000| Complete 
|2038|0x00000000ff600000, 0x00000000ff700000, 0x00000000ff700000|100%| O|  |TAMS 0x00000000ff700000| PB 0x00000000ff600000| Untracked 
|2039|0x00000000ff700000, 0x00000000ff800000, 0x00000000ff800000|100%| O|  |TAMS 0x00000000ff800000| PB 0x00000000ff700000| Untracked 
|2040|0x00000000ff800000, 0x00000000ff900000, 0x00000000ff900000|100%| E|CS|TAMS 0x00000000ff800000| PB 0x00000000ff800000| Complete 
|2041|0x00000000ff900000, 0x00000000ffa00000, 0x00000000ffa00000|100%| O|  |TAMS 0x00000000ffa00000| PB 0x00000000ff900000| Untracked 
|2042|0x00000000ffa00000, 0x00000000ffb00000, 0x00000000ffb00000|100%| E|CS|TAMS 0x00000000ffa00000| PB 0x00000000ffa00000| Complete 
|2043|0x00000000ffb00000, 0x00000000ffc00000, 0x00000000ffc00000|100%| O|  |TAMS 0x00000000ffc00000| PB 0x00000000ffb00000| Untracked 
|2044|0x00000000ffc00000, 0x00000000ffd00000, 0x00000000ffd00000|100%| O|  |TAMS 0x00000000ffd00000| PB 0x00000000ffc00000| Untracked 
|2045|0x00000000ffd00000, 0x00000000ffe00000, 0x00000000ffe00000|100%| O|  |TAMS 0x00000000ffe00000| PB 0x00000000ffd00000| Untracked 
|2046|0x00000000ffe00000, 0x00000000fff00000, 0x00000000fff00000|100%| O|  |TAMS 0x00000000fff00000| PB 0x00000000ffe00000| Untracked 
|2047|0x00000000fff00000, 0x0000000100000000, 0x0000000100000000|100%| O|  |TAMS 0x0000000100000000| PB 0x00000000fff00000| Untracked 

Card table byte_map: [0x00000194273e0000,0x00000194277e0000] _byte_map_base: 0x0000019426fe0000

Marking Bits: (CMBitMap*) 0x00000194129be410
 Bits: [0x00000194277e0000, 0x00000194297e0000)

Polling page: 0x0000019412af0000

Metaspace:

Usage:
  Non-class:     76.89 MB used.
      Class:     12.16 MB used.
       Both:     89.05 MB used.

Virtual space:
  Non-class space:      128.00 MB reserved,      77.88 MB ( 61%) committed,  2 nodes.
      Class space:        1.00 GB reserved,      13.12 MB (  1%) committed,  1 nodes.
             Both:        1.12 GB reserved,      91.00 MB (  8%) committed. 

Chunk freelists:
   Non-Class:  1.41 MB
       Class:  2.88 MB
        Both:  4.29 MB

MaxMetaspaceSize: unlimited
CompressedClassSpaceSize: 1.00 GB
Initial GC threshold: 21.00 MB
Current GC threshold: 137.19 MB
CDS: off
 - commit_granule_bytes: 65536.
 - commit_granule_words: 8192.
 - virtual_space_node_default_size: 8388608.
 - enlarge_chunks_in_place: 1.
 - use_allocation_guard: 0.


Internal statistics:

num_allocs_failed_limit: 9.
num_arena_births: 3758.
num_arena_deaths: 0.
num_vsnodes_births: 3.
num_vsnodes_deaths: 0.
num_space_committed: 1456.
num_space_uncommitted: 0.
num_chunks_returned_to_freelist: 9.
num_chunks_taken_from_freelist: 7606.
num_chunk_merges: 9.
num_chunk_splits: 4955.
num_chunks_enlarged: 3111.
num_inconsistent_stats: 0.

CodeHeap 'non-profiled nmethods': size=120000Kb used=4861Kb max_used=4861Kb free=115139Kb
 bounds [0x000001941f780000, 0x000001941fc40000, 0x0000019426cb0000]
CodeHeap 'profiled nmethods': size=120000Kb used=15463Kb max_used=15463Kb free=104536Kb
 bounds [0x0000019417cb0000, 0x0000019418bd0000, 0x000001941f1e0000]
CodeHeap 'non-nmethods': size=5760Kb used=2079Kb max_used=2093Kb free=3680Kb
 bounds [0x000001941f1e0000, 0x000001941f450000, 0x000001941f780000]
 total_blobs=9345 nmethods=8512 adapters=735
 compilation: enabled
              stopped_count=0, restarted_count=0
 full_count=0

Compilation events (20 events):
Event: 26.721 Thread 0x000001942c402e40 9915       1       org.gradle.internal.properties.annotations.DefaultTypeMetadataStore$DefaultPropertyMetadata::getPropertyType (5 bytes)
Event: 26.721 Thread 0x000001942c402e40 nmethod 9915 0x000001941fc3ca90 code [0x000001941fc3cc20, 0x000001941fc3cce8]
Event: 26.727 Thread 0x000001942c402e40 9916       3       java.lang.invoke.DirectMethodHandle$Holder::invokeStatic (14 bytes)
Event: 26.727 Thread 0x000001942c402e40 nmethod 9916 0x0000019418bc5710 code [0x0000019418bc58e0, 0x0000019418bc5d00]
Event: 26.728 Thread 0x000001942c402e40 9917       3       java.lang.invoke.MethodHandleImpl$1::unreflectField (22 bytes)
Event: 26.729 Thread 0x000001942c402e40 nmethod 9917 0x0000019418bc5e10 code [0x0000019418bc5fe0, 0x0000019418bc6288]
Event: 26.729 Thread 0x000001942c402e40 9918       3       java.lang.invoke.MethodHandles$Lookup::unreflectField (126 bytes)
Event: 26.730 Thread 0x000001942c402e40 nmethod 9918 0x0000019418bc6390 code [0x0000019418bc65c0, 0x0000019418bc6df8]
Event: 26.734 Thread 0x000001942c402e40 9919       3       sun.reflect.generics.tree.SimpleClassTypeSignature::accept (8 bytes)
Event: 26.734 Thread 0x000001942c402e40 nmethod 9919 0x0000019418bc7110 code [0x0000019418bc72e0, 0x0000019418bc75c8]
Event: 26.734 Thread 0x000001942c402e40 9920       3       sun.reflect.generics.visitor.Reifier::visitSimpleClassTypeSignature (18 bytes)
Event: 26.734 Thread 0x000001942c402e40 nmethod 9920 0x0000019418bc7790 code [0x0000019418bc7940, 0x0000019418bc7b70]
Event: 26.734 Thread 0x000001942c402e40 9921       3       java.lang.invoke.LambdaForm$MH/0x00000001006ee800::invoke (53 bytes)
Event: 26.735 Thread 0x000001942c402e40 nmethod 9921 0x0000019418bc7c90 code [0x0000019418bc7ea0, 0x0000019418bc8640]
Event: 26.735 Thread 0x000001942c402e40 9922       3       java.lang.Class::getConstructors (27 bytes)
Event: 26.735 Thread 0x000001942c402e40 nmethod 9922 0x0000019418bc8810 code [0x0000019418bc89e0, 0x0000019418bc8c48]
Event: 26.754 Thread 0x000001942c402e40 9923       3       java.lang.invoke.MethodHandles$Lookup::getDirectFieldNoSecurityManager (12 bytes)
Event: 26.754 Thread 0x000001942c402e40 nmethod 9923 0x0000019418bc8d90 code [0x0000019418bc8f40, 0x0000019418bc9080]
Event: 26.759 Thread 0x000001942c402e40 9924       3       com.google.common.collect.AbstractMapBasedMultimap$WrappedCollection::size (14 bytes)
Event: 26.759 Thread 0x000001942c402e40 nmethod 9924 0x0000019418bc9110 code [0x0000019418bc92c0, 0x0000019418bc9548]

GC Heap History (20 events):
Event: 16.874 GC heap before
{Heap before GC invocations=22 (full 0):
 garbage-first heap   total 97280K, used 84429K [0x0000000080000000, 0x0000000100000000)
  region size 1024K, 41 young (41984K), 3 survivors (3072K)
 Metaspace       used 66675K, committed 68352K, reserved 1114112K
  class space    used 9050K, committed 9856K, reserved 1048576K
}
Event: 16.878 GC heap after
{Heap after GC invocations=23 (full 0):
 garbage-first heap   total 97280K, used 47642K [0x0000000080000000, 0x0000000100000000)
  region size 1024K, 4 young (4096K), 4 survivors (4096K)
 Metaspace       used 66675K, committed 68352K, reserved 1114112K
  class space    used 9050K, committed 9856K, reserved 1048576K
}
Event: 17.142 GC heap before
{Heap before GC invocations=23 (full 0):
 garbage-first heap   total 97280K, used 66074K [0x0000000080000000, 0x0000000100000000)
  region size 1024K, 24 young (24576K), 4 survivors (4096K)
 Metaspace       used 66929K, committed 68608K, reserved 1114112K
  class space    used 9088K, committed 9920K, reserved 1048576K
}
Event: 17.147 GC heap after
{Heap after GC invocations=24 (full 0):
 garbage-first heap   total 97280K, used 48427K [0x0000000080000000, 0x0000000100000000)
  region size 1024K, 4 young (4096K), 4 survivors (4096K)
 Metaspace       used 66929K, committed 68608K, reserved 1114112K
  class space    used 9088K, committed 9920K, reserved 1048576K
}
Event: 17.887 GC heap before
{Heap before GC invocations=25 (full 0):
 garbage-first heap   total 97280K, used 91435K [0x0000000080000000, 0x0000000100000000)
  region size 1024K, 40 young (40960K), 4 survivors (4096K)
 Metaspace       used 69378K, committed 71168K, reserved 1114112K
  class space    used 9405K, committed 10304K, reserved 1048576K
}
Event: 17.894 GC heap after
{Heap after GC invocations=26 (full 0):
 garbage-first heap   total 103424K, used 60894K [0x0000000080000000, 0x0000000100000000)
  region size 1024K, 5 young (5120K), 5 survivors (5120K)
 Metaspace       used 69378K, committed 71168K, reserved 1114112K
  class space    used 9405K, committed 10304K, reserved 1048576K
}
Event: 18.512 GC heap before
{Heap before GC invocations=26 (full 0):
 garbage-first heap   total 103424K, used 91614K [0x0000000080000000, 0x0000000100000000)
  region size 1024K, 35 young (35840K), 5 survivors (5120K)
 Metaspace       used 72409K, committed 74176K, reserved 1114112K
  class space    used 9738K, committed 10624K, reserved 1048576K
}
Event: 18.517 GC heap after
{Heap after GC invocations=27 (full 0):
 garbage-first heap   total 103424K, used 60852K [0x0000000080000000, 0x0000000100000000)
  region size 1024K, 1 young (1024K), 1 survivors (1024K)
 Metaspace       used 72409K, committed 74176K, reserved 1114112K
  class space    used 9738K, committed 10624K, reserved 1048576K
}
Event: 19.176 GC heap before
{Heap before GC invocations=27 (full 0):
 garbage-first heap   total 103424K, used 92596K [0x0000000080000000, 0x0000000100000000)
  region size 1024K, 32 young (32768K), 1 survivors (1024K)
 Metaspace       used 75830K, committed 77696K, reserved 1179648K
  class space    used 10256K, committed 11200K, reserved 1048576K
}
Event: 19.180 GC heap after
{Heap after GC invocations=28 (full 0):
 garbage-first heap   total 103424K, used 61876K [0x0000000080000000, 0x0000000100000000)
  region size 1024K, 2 young (2048K), 2 survivors (2048K)
 Metaspace       used 75830K, committed 77696K, reserved 1179648K
  class space    used 10256K, committed 11200K, reserved 1048576K
}
Event: 19.833 GC heap before
{Heap before GC invocations=29 (full 0):
 garbage-first heap   total 104448K, used 97716K [0x0000000080000000, 0x0000000100000000)
  region size 1024K, 33 young (33792K), 2 survivors (2048K)
 Metaspace       used 78182K, committed 80128K, reserved 1179648K
  class space    used 10551K, committed 11520K, reserved 1048576K
}
Event: 19.840 GC heap after
{Heap after GC invocations=30 (full 0):
 garbage-first heap   total 105472K, used 67444K [0x0000000080000000, 0x0000000100000000)
  region size 1024K, 5 young (5120K), 5 survivors (5120K)
 Metaspace       used 78182K, committed 80128K, reserved 1179648K
  class space    used 10551K, committed 11520K, reserved 1048576K
}
Event: 20.531 GC heap before
{Heap before GC invocations=30 (full 0):
 garbage-first heap   total 105472K, used 94068K [0x0000000080000000, 0x0000000100000000)
  region size 1024K, 31 young (31744K), 5 survivors (5120K)
 Metaspace       used 80205K, committed 82112K, reserved 1179648K
  class space    used 10805K, committed 11776K, reserved 1048576K
}
Event: 20.544 GC heap after
{Heap after GC invocations=31 (full 0):
 garbage-first heap   total 105472K, used 68783K [0x0000000080000000, 0x0000000100000000)
  region size 1024K, 2 young (2048K), 2 survivors (2048K)
 Metaspace       used 80205K, committed 82112K, reserved 1179648K
  class space    used 10805K, committed 11776K, reserved 1048576K
}
Event: 21.911 GC heap before
{Heap before GC invocations=31 (full 0):
 garbage-first heap   total 105472K, used 96431K [0x0000000080000000, 0x0000000100000000)
  region size 1024K, 29 young (29696K), 2 survivors (2048K)
 Metaspace       used 82403K, committed 84288K, reserved 1179648K
  class space    used 11081K, committed 12032K, reserved 1048576K
}
Event: 21.919 GC heap after
{Heap after GC invocations=32 (full 0):
 garbage-first heap   total 126976K, used 72042K [0x0000000080000000, 0x0000000100000000)
  region size 1024K, 4 young (4096K), 4 survivors (4096K)
 Metaspace       used 82403K, committed 84288K, reserved 1179648K
  class space    used 11081K, committed 12032K, reserved 1048576K
}
Event: 23.846 GC heap before
{Heap before GC invocations=33 (full 0):
 garbage-first heap   total 126976K, used 111978K [0x0000000080000000, 0x0000000100000000)
  region size 1024K, 44 young (45056K), 4 survivors (4096K)
 Metaspace       used 84767K, committed 86656K, reserved 1179648K
  class space    used 11404K, committed 12352K, reserved 1048576K
}
Event: 23.855 GC heap after
{Heap after GC invocations=34 (full 0):
 garbage-first heap   total 126976K, used 74446K [0x0000000080000000, 0x0000000100000000)
  region size 1024K, 5 young (5120K), 5 survivors (5120K)
 Metaspace       used 84767K, committed 86656K, reserved 1179648K
  class space    used 11404K, committed 12352K, reserved 1048576K
}
Event: 25.574 GC heap before
{Heap before GC invocations=34 (full 0):
 garbage-first heap   total 126976K, used 114382K [0x0000000080000000, 0x0000000100000000)
  region size 1024K, 43 young (44032K), 5 survivors (5120K)
 Metaspace       used 87794K, committed 89728K, reserved 1179648K
  class space    used 11893K, committed 12864K, reserved 1048576K
}
Event: 25.581 GC heap after
{Heap after GC invocations=35 (full 0):
 garbage-first heap   total 126976K, used 74232K [0x0000000080000000, 0x0000000100000000)
  region size 1024K, 2 young (2048K), 2 survivors (2048K)
 Metaspace       used 87794K, committed 89728K, reserved 1179648K
  class space    used 11893K, committed 12864K, reserved 1048576K
}

Dll operation events (3 events):
Event: 0.026 Loaded shared library D:\as\jbr\bin\java.dll
Event: 0.034 Loaded shared library D:\as\jbr\bin\zip.dll
Event: 1.498 Loaded shared library D:\as\jbr\bin\verify.dll

Deoptimization events (20 events):
Event: 26.343 Thread 0x00000194324959d0 DEOPT PACKING pc=0x000001941fa1a094 sp=0x000000050faf8d80
Event: 26.343 Thread 0x00000194324959d0 DEOPT UNPACKING pc=0x000001941f2346a2 sp=0x000000050faf8d10 mode 2
Event: 26.343 Thread 0x00000194324959d0 Uncommon trap: trap_request=0xffffffde fr.pc=0x000001941fa1a094 relative=0x0000000000000074
Event: 26.343 Thread 0x00000194324959d0 Uncommon trap: reason=class_check action=maybe_recompile pc=0x000001941fa1a094 method=java.lang.invoke.Invokers$Holder.linkToTargetMethod(Ljava/lang/Object;Ljava/lang/Object;Ljava/lang/Object;Ljava/lang/Object;)Ljava/lang/Object; @ 1 c2
Event: 26.343 Thread 0x00000194324959d0 DEOPT PACKING pc=0x000001941fa1a094 sp=0x000000050faf8d80
Event: 26.343 Thread 0x00000194324959d0 DEOPT UNPACKING pc=0x000001941f2346a2 sp=0x000000050faf8d10 mode 2
Event: 26.344 Thread 0x00000194324959d0 Uncommon trap: trap_request=0xffffffde fr.pc=0x000001941fa1a094 relative=0x0000000000000074
Event: 26.344 Thread 0x00000194324959d0 Uncommon trap: reason=class_check action=maybe_recompile pc=0x000001941fa1a094 method=java.lang.invoke.Invokers$Holder.linkToTargetMethod(Ljava/lang/Object;Ljava/lang/Object;Ljava/lang/Object;Ljava/lang/Object;)Ljava/lang/Object; @ 1 c2
Event: 26.344 Thread 0x00000194324959d0 DEOPT PACKING pc=0x000001941fa1a094 sp=0x000000050faf8d80
Event: 26.344 Thread 0x00000194324959d0 DEOPT UNPACKING pc=0x000001941f2346a2 sp=0x000000050faf8d10 mode 2
Event: 26.456 Thread 0x00000194324959d0 DEOPT PACKING pc=0x0000019418969ce8 sp=0x000000050faf7ef0
Event: 26.456 Thread 0x00000194324959d0 DEOPT UNPACKING pc=0x000001941f234e42 sp=0x000000050faf7410 mode 0
Event: 26.681 Thread 0x00000194324959d0 Uncommon trap: trap_request=0xffffff45 fr.pc=0x000001941f9477fc relative=0x00000000000000bc
Event: 26.681 Thread 0x00000194324959d0 Uncommon trap: reason=unstable_if action=reinterpret pc=0x000001941f9477fc method=java.lang.invoke.LambdaForm$BasicType.basicType(C)Ljava/lang/invoke/LambdaForm$BasicType; @ 1 c2
Event: 26.681 Thread 0x00000194324959d0 DEOPT PACKING pc=0x000001941f9477fc sp=0x000000050faf7bb0
Event: 26.681 Thread 0x00000194324959d0 DEOPT UNPACKING pc=0x000001941f2346a2 sp=0x000000050faf7ae0 mode 2
Event: 26.681 Thread 0x00000194324959d0 Uncommon trap: trap_request=0xffffff45 fr.pc=0x000001941f8990c0 relative=0x00000000000000a0
Event: 26.681 Thread 0x00000194324959d0 Uncommon trap: reason=unstable_if action=reinterpret pc=0x000001941f8990c0 method=java.lang.invoke.LambdaForm$BasicType.basicType(C)Ljava/lang/invoke/LambdaForm$BasicType; @ 1 c2
Event: 26.681 Thread 0x00000194324959d0 DEOPT PACKING pc=0x000001941f8990c0 sp=0x000000050faf7b40
Event: 26.681 Thread 0x00000194324959d0 DEOPT UNPACKING pc=0x000001941f2346a2 sp=0x000000050faf7ae0 mode 2

Classes loaded (20 events):
Event: 19.809 Loading class java/lang/foreign/ValueLayout
Event: 19.809 Loading class java/lang/foreign/MemoryLayout
Event: 19.810 Loading class java/lang/foreign/MemoryLayout done
Event: 19.810 Loading class java/lang/foreign/ValueLayout done
Event: 20.392 Loading class java/security/KeyStore
Event: 20.393 Loading class java/security/KeyStore done
Event: 20.787 Loading class javax/xml/stream/XMLStreamException
Event: 20.787 Loading class javax/xml/stream/XMLStreamException done
Event: 20.880 Loading class sun/reflect/annotation/AnnotationInvocationHandler$1
Event: 20.881 Loading class sun/reflect/annotation/AnnotationInvocationHandler$1 done
Event: 21.459 Loading class java/lang/Override
Event: 21.459 Loading class java/lang/Override done
Event: 24.100 Loading class sun/reflect/generics/repository/FieldRepository
Event: 24.100 Loading class sun/reflect/generics/repository/FieldRepository done
Event: 24.172 Loading class jdk/internal/vm/annotation/ForceInline
Event: 24.172 Loading class jdk/internal/vm/annotation/ForceInline done
Event: 24.502 Loading class java/util/regex/Pattern$Caret
Event: 24.503 Loading class java/util/regex/Pattern$Caret done
Event: 26.339 Loading class java/lang/invoke/BoundMethodHandle$Species_LLLJ
Event: 26.339 Loading class java/lang/invoke/BoundMethodHandle$Species_LLLJ done

Classes unloaded (0 events):
No events

Classes redefined (0 events):
No events

Internal exceptions (20 events):
Event: 17.428 Thread 0x00000194324959d0 Exception <a 'java/lang/ClassNotFoundException'{0x0000000084f6d338}: sun/misc/SharedSecrets> (0x0000000084f6d338) 
thrown [s\src\hotspot\share\classfile\systemDictionary.cpp, line 312]
Event: 17.429 Thread 0x00000194324959d0 Exception <a 'java/lang/ClassNotFoundException'{0x0000000084f6e950}: org/gradle/api/internal/plugins/DefaultObjectConfigurationActionBeanInfo> (0x0000000084f6e950) 
thrown [s\src\hotspot\share\classfile\systemDictionary.cpp, line 312]
Event: 17.430 Thread 0x00000194324959d0 Exception <a 'java/lang/ClassNotFoundException'{0x0000000084f828a8}: org/gradle/api/internal/plugins/DefaultObjectConfigurationActionCustomizer> (0x0000000084f828a8) 
thrown [s\src\hotspot\share\classfile\systemDictionary.cpp, line 312]
Event: 17.434 Thread 0x00000194324959d0 Implicit null exception at 0x000001941f8c94e5 to 0x000001941f8c9770
Event: 17.435 Thread 0x00000194324959d0 Exception <a 'java/lang/NoSuchMethodError'{0x0000000084f8fe28}: 'int java.lang.invoke.DirectMethodHandle$Holder.invokeSpecial(java.lang.Object, java.lang.Object, java.lang.Object, int)'> (0x0000000084f8fe28) 
thrown [s\src\hotspot\share\interpreter\linkResolver.cpp, line 784]
Event: 17.437 Thread 0x00000194324959d0 Exception <a 'java/lang/NoSuchMethodError'{0x0000000084fa0fd0}: 'java.lang.Object java.lang.invoke.DirectMethodHandle$Holder.invokeStatic(java.lang.Object, java.lang.Object, java.lang.Object, java.lang.Object, int)'> (0x0000000084fa0fd0) 
thrown [s\src\hotspot\share\interpreter\linkResolver.cpp, line 784]
Event: 18.206 Thread 0x00000194324959d0 Exception <a 'java/lang/NoSuchMethodError'{0x0000000084c7a000}: 'int java.lang.invoke.DirectMethodHandle$Holder.invokeSpecialIFC(java.lang.Object, java.lang.Object, java.lang.Object, java.lang.Object, java.lang.Object)'> (0x0000000084c7a000) 
thrown [s\src\hotspot\share\interpreter\linkResolver.cpp, line 784]
Event: 18.939 Thread 0x00000194324959d0 Exception <a 'java/lang/NoSuchMethodError'{0x0000000084702028}: 'java.lang.Object java.lang.invoke.DirectMethodHandle$Holder.newInvokeSpecial(java.lang.Object, java.lang.Object, java.lang.Object, java.lang.Object, java.lang.Object, java.lang.Object, java.lang.Object, java.lang.Object, java.lang.Object, java.lang.Object, java.lang.Object, java.lang.Object, java.lang.Object, java.lang.Object, java.lang.Object, java.lang.Object)'> (0x0000000084702028) 
thrown [s\src\hotspot\share\interpreter\linkResolver.cpp,
Event: 18.940 Thread 0x00000194324959d0 Exception <a 'java/lang/NoSuchMethodError'{0x0000000084708ca0}: 'java.lang.Object java.lang.invoke.DirectMethodHandle$Holder.invokeSpecial(java.lang.Object, java.lang.Object, java.lang.Object, java.lang.Object, java.lang.Object, java.lang.Object, java.lang.Object, java.lang.Object, java.lang.Object, java.lang.Object, java.lang.Object, java.lang.Object, java.lang.Object, java.lang.Object, java.lang.Object, java.lang.Object, java.lang.Object)'> (0x0000000084708ca0) 
thrown [s\src\hotspot\share\interpreter\li
Event: 18.940 Thread 0x00000194324959d0 Exception <a 'java/lang/NoSuchMethodError'{0x000000008470e880}: 'java.lang.Object java.lang.invoke.DelegatingMethodHandle$Holder.reinvoke_L(java.lang.Object, java.lang.Object, java.lang.Object, java.lang.Object, java.lang.Object, java.lang.Object, java.lang.Object, java.lang.Object, java.lang.Object, java.lang.Object, java.lang.Object, java.lang.Object, java.lang.Object, java.lang.Object, java.lang.Object, java.lang.Object)'> (0x000000008470e880) 
thrown [s\src\hotspot\share\interpreter\linkResolver.cpp, l
Event: 19.069 Thread 0x00000194324959d0 Exception <a 'java/lang/NoSuchMethodError'{0x000000008429e770}: 'void java.lang.invoke.DirectMethodHandle$Holder.invokeVirtual(java.lang.Object, java.lang.Object)'> (0x000000008429e770) 
thrown [s\src\hotspot\share\interpreter\linkResolver.cpp, line 784]
Event: 21.095 Thread 0x00000194324959d0 Implicit null exception at 0x000001941f93be75 to 0x000001941f93bf50
Event: 22.910 Thread 0x00000194324959d0 Exception <a 'java/lang/NoClassDefFoundError'{0x0000000085bd5248}: org/jetbrains/kotlin/gradle/plugin/KotlinBasePluginWrapper> (0x0000000085bd5248) 
thrown [s\src\hotspot\share\classfile\systemDictionary.cpp, line 301]
Event: 23.229 Thread 0x00000194324959d0 Exception <a 'java/lang/NoSuchMethodError'{0x00000000853c9680}: 'java.lang.Object java.lang.invoke.DirectMethodHandle$Holder.newInvokeSpecial(java.lang.Object, java.lang.Object, java.lang.Object, java.lang.Object, java.lang.Object, java.lang.Object, java.lang.Object, java.lang.Object, java.lang.Object, java.lang.Object, java.lang.Object, java.lang.Object, java.lang.Object, java.lang.Object)'> (0x00000000853c9680) 
thrown [s\src\hotspot\share\interpreter\linkResolver.cpp, line 784]
Event: 23.705 Thread 0x00000194324959d0 Exception <a 'java/lang/NoClassDefFoundError'{0x0000000084dafe90}: org/jetbrains/kotlin/gradle/plugin/KotlinBasePluginWrapper> (0x0000000084dafe90) 
thrown [s\src\hotspot\share\oops\constantPool.cpp, line 873]
Event: 23.863 Thread 0x00000194324959d0 Exception <a 'java/lang/NoClassDefFoundError'{0x000000008710cfa0}: org/jetbrains/kotlin/gradle/plugin/KotlinBasePluginWrapper> (0x000000008710cfa0) 
thrown [s\src\hotspot\share\oops\constantPool.cpp, line 873]
Event: 23.927 Thread 0x00000194324959d0 Exception <a 'java/lang/NoClassDefFoundError'{0x00000000870f6da0}: org/jetbrains/kotlin/gradle/plugin/KotlinBasePluginWrapper> (0x00000000870f6da0) 
thrown [s\src\hotspot\share\oops\constantPool.cpp, line 873]
Event: 23.942 Thread 0x00000194324959d0 Exception <a 'java/lang/NoClassDefFoundError'{0x0000000086f14128}: org/jetbrains/kotlin/gradle/plugin/KotlinBasePluginWrapper> (0x0000000086f14128) 
thrown [s\src\hotspot\share\oops\constantPool.cpp, line 873]
Event: 24.175 Thread 0x00000194324959d0 Exception <a 'java/lang/NoSuchMethodError'{0x0000000086abbd98}: 'void java.lang.invoke.Invokers$Holder.invokeExact_MT(java.lang.Object, java.lang.Object, java.lang.Object, java.lang.Object)'> (0x0000000086abbd98) 
thrown [s\src\hotspot\share\interpreter\linkResolver.cpp, line 784]
Event: 26.492 Thread 0x00000194324959d0 Exception <a 'java/lang/NoSuchMethodError'{0x0000000085cd7610}: 'java.lang.Object java.lang.invoke.Invokers$Holder.invokeExact_MT(java.lang.Object, java.lang.Object, java.lang.Object, int, java.lang.Object, java.lang.Object)'> (0x0000000085cd7610) 
thrown [s\src\hotspot\share\interpreter\linkResolver.cpp, line 784]

ZGC Phase Switch (0 events):
No events

VM Operations (20 events):
Event: 20.531 Executing VM operation: G1CollectForAllocation (G1 Evacuation Pause)
Event: 20.544 Executing VM operation: G1CollectForAllocation (G1 Evacuation Pause) done
Event: 21.556 Executing VM operation: Cleanup
Event: 21.557 Executing VM operation: Cleanup done
Event: 21.911 Executing VM operation: G1CollectForAllocation (G1 Evacuation Pause)
Event: 21.919 Executing VM operation: G1CollectForAllocation (G1 Evacuation Pause) done
Event: 22.005 Executing VM operation: G1PauseRemark
Event: 22.030 Executing VM operation: G1PauseRemark done
Event: 22.068 Executing VM operation: G1PauseCleanup
Event: 22.084 Executing VM operation: G1PauseCleanup done
Event: 23.087 Executing VM operation: Cleanup
Event: 23.087 Executing VM operation: Cleanup done
Event: 23.846 Executing VM operation: G1CollectForAllocation (G1 Evacuation Pause)
Event: 23.855 Executing VM operation: G1CollectForAllocation (G1 Evacuation Pause) done
Event: 24.862 Executing VM operation: Cleanup
Event: 24.862 Executing VM operation: Cleanup done
Event: 25.574 Executing VM operation: G1CollectForAllocation (G1 Evacuation Pause)
Event: 25.582 Executing VM operation: G1CollectForAllocation (G1 Evacuation Pause) done
Event: 26.591 Executing VM operation: Cleanup
Event: 26.592 Executing VM operation: Cleanup done

Memory protections (0 events):
No events

Nmethod flushes (20 events):
Event: 22.028 Thread 0x000001942c225fa0 flushing  nmethod 0x0000019417fde790
Event: 22.028 Thread 0x000001942c225fa0 flushing  nmethod 0x00000194181f7f90
Event: 22.028 Thread 0x000001942c225fa0 flushing  nmethod 0x0000019418289810
Event: 22.028 Thread 0x000001942c225fa0 flushing  nmethod 0x0000019418294190
Event: 22.028 Thread 0x000001942c225fa0 flushing  nmethod 0x00000194182d9390
Event: 22.028 Thread 0x000001942c225fa0 flushing  nmethod 0x0000019418494c10
Event: 22.028 Thread 0x000001942c225fa0 flushing  nmethod 0x000001941853da10
Event: 22.028 Thread 0x000001942c225fa0 flushing  nmethod 0x0000019418655210
Event: 22.028 Thread 0x000001942c225fa0 flushing  nmethod 0x00000194186ef010
Event: 22.028 Thread 0x000001942c225fa0 flushing  nmethod 0x000001941874a010
Event: 22.028 Thread 0x000001942c225fa0 flushing  nmethod 0x0000019418871710
Event: 22.028 Thread 0x000001942c225fa0 flushing  nmethod 0x0000019417e8fd90
Event: 22.028 Thread 0x000001942c225fa0 flushing  nmethod 0x0000019417f67210
Event: 22.028 Thread 0x000001942c225fa0 flushing  nmethod 0x000001941801d290
Event: 22.028 Thread 0x000001942c225fa0 flushing  nmethod 0x0000019418061010
Event: 22.028 Thread 0x000001942c225fa0 flushing  nmethod 0x000001941809fa10
Event: 22.028 Thread 0x000001942c225fa0 flushing  nmethod 0x00000194180ee310
Event: 22.028 Thread 0x000001942c225fa0 flushing  nmethod 0x0000019418302690
Event: 22.028 Thread 0x000001942c225fa0 flushing  nmethod 0x00000194183b8a90
Event: 22.028 Thread 0x000001942c225fa0 flushing  nmethod 0x000001941873f190

Events (20 events):
Event: 15.618 Thread 0x00000194324959d0 Thread added: 0x00000194378f79e0
Event: 15.619 Thread 0x00000194324959d0 Thread added: 0x00000194378f9420
Event: 15.621 Thread 0x00000194324959d0 Thread added: 0x00000194378fae60
Event: 15.622 Thread 0x00000194324959d0 Thread added: 0x00000194378f8d90
Event: 15.624 Thread 0x00000194324959d0 Thread added: 0x00000194378fbb80
Event: 15.626 Thread 0x00000194324959d0 Thread added: 0x00000194378f5280
Event: 17.660 Thread 0x0000019431681b70 Thread exited: 0x0000019431681b70
Event: 17.680 Thread 0x00000194324bab40 Thread exited: 0x00000194324bab40
Event: 18.346 Thread 0x000001942c402e40 Thread added: 0x0000019432bbb710
Event: 18.380 Thread 0x00000194324959d0 Thread added: 0x0000019432d6e820
Event: 18.488 Thread 0x0000019432bbb710 Thread exited: 0x0000019432bbb710
Event: 19.036 Thread 0x00000194324959d0 Thread added: 0x0000019432d6eeb0
Event: 19.211 Thread 0x000001942c402e40 Thread added: 0x0000019433d65120
Event: 21.414 Thread 0x0000019433d65120 Thread exited: 0x0000019433d65120
Event: 22.331 Thread 0x000001942c402e40 Thread added: 0x00000194326c0ef0
Event: 22.515 Thread 0x00000194326c0ef0 Thread exited: 0x00000194326c0ef0
Event: 23.220 Thread 0x000001942c402e40 Thread added: 0x00000194312ad320
Event: 24.052 Thread 0x00000194312ad320 Thread exited: 0x00000194312ad320
Event: 24.355 Thread 0x000001942c402e40 Thread added: 0x00000194312ad320
Event: 24.878 Thread 0x00000194312ad320 Thread exited: 0x00000194312ad320


Dynamic libraries:
0x00007ff791400000 - 0x00007ff79140a000 	D:\as\jbr\bin\java.exe
0x00007ffa47870000 - 0x00007ffa47a69000 	C:\Windows\SYSTEM32\ntdll.dll
0x00007ffa462d0000 - 0x00007ffa46392000 	C:\Windows\System32\KERNEL32.DLL
0x00007ffa45570000 - 0x00007ffa45867000 	C:\Windows\System32\KERNELBASE.dll
0x00007ffa45170000 - 0x00007ffa45270000 	C:\Windows\System32\ucrtbase.dll
0x00007ffa40690000 - 0x00007ffa406ab000 	D:\as\jbr\bin\VCRUNTIME140.dll
0x00007ffa23b00000 - 0x00007ffa23b18000 	D:\as\jbr\bin\jli.dll
0x00007ffa47690000 - 0x00007ffa4782d000 	C:\Windows\System32\USER32.dll
0x00007ffa44fd0000 - 0x00007ffa44ff2000 	C:\Windows\System32\win32u.dll
0x00007ffa45a20000 - 0x00007ffa45a4b000 	C:\Windows\System32\GDI32.dll
0x00007ffa28210000 - 0x00007ffa284ab000 	C:\Windows\WinSxS\amd64_microsoft.windows.common-controls_6595b64144ccf1df_6.0.19041.6926_none_60b5a53971f8f7e6\COMCTL32.dll
0x00007ffa46060000 - 0x00007ffa460fe000 	C:\Windows\System32\msvcrt.dll
0x00007ffa452f0000 - 0x00007ffa4540a000 	C:\Windows\System32\gdi32full.dll
0x00007ffa44f30000 - 0x00007ffa44fcd000 	C:\Windows\System32\msvcp_win.dll
0x00007ffa475a0000 - 0x00007ffa475cf000 	C:\Windows\System32\IMM32.DLL
0x00007ffa3e590000 - 0x00007ffa3e59c000 	D:\as\jbr\bin\vcruntime140_1.dll
0x00007ff9f6960000 - 0x00007ff9f69ed000 	D:\as\jbr\bin\msvcp140.dll
0x00007ff9b1d50000 - 0x00007ff9b29db000 	D:\as\jbr\bin\server\jvm.dll
0x00007ffa475d0000 - 0x00007ffa47681000 	C:\Windows\System32\ADVAPI32.dll
0x00007ffa45980000 - 0x00007ffa45a1f000 	C:\Windows\System32\sechost.dll
0x00007ffa46100000 - 0x00007ffa46226000 	C:\Windows\System32\RPCRT4.dll
0x00007ffa45140000 - 0x00007ffa45167000 	C:\Windows\System32\bcrypt.dll
0x00007ffa463a0000 - 0x00007ffa4640b000 	C:\Windows\System32\WS2_32.dll
0x00007ffa3b280000 - 0x00007ffa3b2a7000 	C:\Windows\SYSTEM32\WINMM.dll
0x00007ffa3b270000 - 0x00007ffa3b27a000 	C:\Windows\SYSTEM32\VERSION.dll
0x00007ffa44d30000 - 0x00007ffa44d7b000 	C:\Windows\SYSTEM32\POWRPROF.dll
0x00007ffa44d10000 - 0x00007ffa44d22000 	C:\Windows\SYSTEM32\UMPDC.dll
0x00007ffa42d50000 - 0x00007ffa42d62000 	C:\Windows\SYSTEM32\kernel.appcore.dll
0x00007ffa38590000 - 0x00007ffa3859a000 	D:\as\jbr\bin\jimage.dll
0x00007ffa39750000 - 0x00007ffa39951000 	C:\Windows\SYSTEM32\DBGHELP.DLL
0x00007ffa2a110000 - 0x00007ffa2a144000 	C:\Windows\SYSTEM32\dbgcore.DLL
0x00007ffa450b0000 - 0x00007ffa45132000 	C:\Windows\System32\bcryptPrimitives.dll
0x00007ffa36700000 - 0x00007ffa3670e000 	D:\as\jbr\bin\instrument.dll
0x00007ffa38290000 - 0x00007ffa382b0000 	D:\as\jbr\bin\java.dll
0x00007ffa37d90000 - 0x00007ffa37da8000 	D:\as\jbr\bin\zip.dll
0x00007ffa46570000 - 0x00007ffa46ce1000 	C:\Windows\System32\SHELL32.dll
0x00007ffa42f50000 - 0x00007ffa436f6000 	C:\Windows\SYSTEM32\windows.storage.dll
0x00007ffa45a50000 - 0x00007ffa45da3000 	C:\Windows\System32\combase.dll
0x00007ffa44830000 - 0x00007ffa4485b000 	C:\Windows\SYSTEM32\Wldp.dll
0x00007ffa46490000 - 0x00007ffa46566000 	C:\Windows\System32\OLEAUT32.dll
0x00007ffa47310000 - 0x00007ffa473bd000 	C:\Windows\System32\SHCORE.dll
0x00007ffa46250000 - 0x00007ffa462ab000 	C:\Windows\System32\shlwapi.dll
0x00007ffa44e10000 - 0x00007ffa44e34000 	C:\Windows\SYSTEM32\profapi.dll
0x00007ffa36f50000 - 0x00007ffa36f60000 	D:\as\jbr\bin\net.dll
0x00007ffa3d240000 - 0x00007ffa3d34a000 	C:\Windows\SYSTEM32\WINHTTP.dll
0x00007ffa44560000 - 0x00007ffa445ca000 	C:\Windows\system32\mswsock.dll
0x00007ffa259b0000 - 0x00007ffa259c6000 	D:\as\jbr\bin\nio.dll
0x00007ffa34020000 - 0x00007ffa34030000 	D:\as\jbr\bin\verify.dll
0x00007ffa36710000 - 0x00007ffa36737000 	C:\Users\Administrator\.gradle\native\c067742578af261105cb4f569cf0c3c89f3d7b1fecec35dd04571415982c5e48\windows-amd64\native-platform.dll
0x00007ff9cb690000 - 0x00007ff9cb7d4000 	C:\Users\Administrator\.gradle\native\100fb08df4bc3b14c8652ba06237920a3bd2aa13389f12d3474272988ae205f9\windows-amd64\native-platform-file-events.dll
0x00007ffa36690000 - 0x00007ffa36699000 	D:\as\jbr\bin\management.dll
0x00007ffa353b0000 - 0x00007ffa353bb000 	D:\as\jbr\bin\management_ext.dll
0x00007ffa46240000 - 0x00007ffa46248000 	C:\Windows\System32\PSAPI.DLL
0x00007ffa44790000 - 0x00007ffa447a8000 	C:\Windows\SYSTEM32\CRYPTSP.dll
0x00007ffa43e80000 - 0x00007ffa43eb8000 	C:\Windows\system32\rsaenh.dll
0x00007ffa44dc0000 - 0x00007ffa44dee000 	C:\Windows\SYSTEM32\USERENV.dll
0x00007ffa44780000 - 0x00007ffa4478c000 	C:\Windows\SYSTEM32\CRYPTBASE.dll
0x00007ffa44240000 - 0x00007ffa4427b000 	C:\Windows\SYSTEM32\IPHLPAPI.DLL
0x00007ffa46230000 - 0x00007ffa46238000 	C:\Windows\System32\NSI.dll
0x00007ffa36f40000 - 0x00007ffa36f49000 	D:\as\jbr\bin\extnet.dll
0x00007ffa41260000 - 0x00007ffa41267000 	C:\Windows\system32\wshunix.dll

dbghelp: loaded successfully - version: 4.0.5 - missing functions: none
symbol engine: initialized successfully - sym options: 0x614 - pdb path: .;D:\as\jbr\bin;C:\Windows\SYSTEM32;C:\Windows\WinSxS\amd64_microsoft.windows.common-controls_6595b64144ccf1df_6.0.19041.6926_none_60b5a53971f8f7e6;D:\as\jbr\bin\server;C:\Users\Administrator\.gradle\native\c067742578af261105cb4f569cf0c3c89f3d7b1fecec35dd04571415982c5e48\windows-amd64;C:\Users\Administrator\.gradle\native\100fb08df4bc3b14c8652ba06237920a3bd2aa13389f12d3474272988ae205f9\windows-amd64

VM Arguments:
jvm_args: --add-opens=java.base/java.lang=ALL-UNNAMED --add-opens=java.base/java.lang.invoke=ALL-UNNAMED --add-opens=java.base/java.util=ALL-UNNAMED --add-opens=java.prefs/java.util.prefs=ALL-UNNAMED --add-exports=jdk.compiler/com.sun.tools.javac.api=ALL-UNNAMED --add-exports=jdk.compiler/com.sun.tools.javac.util=ALL-UNNAMED --add-opens=java.base/java.util=ALL-UNNAMED --add-opens=java.prefs/java.util.prefs=ALL-UNNAMED --add-opens=java.base/java.nio.charset=ALL-UNNAMED --add-opens=java.base/java.net=ALL-UNNAMED --add-opens=java.base/java.util.concurrent.atomic=ALL-UNNAMED --add-opens=java.xml/javax.xml.namespace=ALL-UNNAMED -Xmx2048m -Dfile.encoding=UTF-8 -Duser.country=CN -Duser.language=zh -Duser.variant -javaagent:C:\Users\Administrator\.gradle\wrapper\dists\gradle-8.11.1-bin\eac4u065zwes5phgltp5f9b9e\gradle-8.11.1\lib\agents\gradle-instrumentation-agent-8.11.1.jar 
java_command: org.gradle.launcher.daemon.bootstrap.GradleDaemon 8.11.1
java_class_path (initial): C:\Users\Administrator\.gradle\wrapper\dists\gradle-8.11.1-bin\eac4u065zwes5phgltp5f9b9e\gradle-8.11.1\lib\gradle-daemon-main-8.11.1.jar
Launcher Type: SUN_STANDARD

[Global flags]
     intx CICompilerCount                          = 4                                         {product} {ergonomic}
     uint ConcGCThreads                            = 2                                         {product} {ergonomic}
     uint G1ConcRefinementThreads                  = 8                                         {product} {ergonomic}
   size_t G1HeapRegionSize                         = 1048576                                   {product} {ergonomic}
    uintx GCDrainStackTargetSize                   = 64                                        {product} {ergonomic}
   size_t InitialHeapSize                          = 117440512                                 {product} {ergonomic}
   size_t MarkStackSize                            = 4194304                                   {product} {ergonomic}
   size_t MaxHeapSize                              = 2147483648                                {product} {command line}
   size_t MaxNewSize                               = 1287651328                                {product} {ergonomic}
   size_t MinHeapDeltaBytes                        = 1048576                                   {product} {ergonomic}
   size_t MinHeapSize                              = 8388608                                   {product} {ergonomic}
    uintx NonNMethodCodeHeapSize                   = 5839372                                {pd product} {ergonomic}
    uintx NonProfiledCodeHeapSize                  = 122909434                              {pd product} {ergonomic}
    uintx ProfiledCodeHeapSize                     = 122909434                              {pd product} {ergonomic}
    uintx ReservedCodeCacheSize                    = 251658240                              {pd product} {ergonomic}
     bool SegmentedCodeCache                       = true                                      {product} {ergonomic}
   size_t SoftMaxHeapSize                          = 2147483648                             {manageable} {ergonomic}
     bool UseCompressedOops                        = true                           {product lp64_product} {ergonomic}
     bool UseG1GC                                  = true                                      {product} {ergonomic}
     bool UseLargePagesIndividualAllocation        = false                                  {pd product} {ergonomic}

Logging:
Log output configuration:
 #0: stdout all=warning uptime,level,tags foldmultilines=false
 #1: stderr all=off uptime,level,tags foldmultilines=false

Environment Variables:
PATH=C:\Program Files (x86)\NVIDIA Corporation\PhysX\Common;C:\Windows\system32;C:\Windows;C:\Windows\System32\Wbem;C:\Windows\System32\WindowsPowerShell\v1.0\;C:\Windows\System32\OpenSSH\;C:\Program Files\Microsoft SQL Server\Client SDK\ODBC\170\Tools\Binn\;C:\Program Files (x86)\Microsoft SQL Server\150\Tools\Binn\;C:\Program Files\Microsoft SQL Server\150\Tools\Binn\;C:\Program Files\Microsoft SQL Server\150\DTS\Binn\;C:\Program Files (x86)\Windows Kits\8.1\Windows Performance Toolkit\;C:\Program Files\Git\cmd;C:\Users\Administrator\AppData\Local\Programs\Python\Python312\Scripts\;C:\Users\Administrator\AppData\Local\Programs\Python\Python312\;C:\Users\Administrator\AppData\Local\Microsoft\WindowsApps;;C:\Program Files\JetBrains\PyCharm Community Edition 2023.2.5\bin;;C:\Users\Administrator\AppData\Local\Programs\taobao\bin;D:\Microsoft VS Code\bin
USERNAME=Administrator
OS=Windows_NT
PROCESSOR_IDENTIFIER=AMD64 Family 23 Model 17 Stepping 0, AuthenticAMD
TMP=C:\Users\ADMINI~1\AppData\Local\Temp
TEMP=C:\Users\ADMINI~1\AppData\Local\Temp




Periodic native trim disabled

JNI global refs:
JNI global refs: 29, weak refs: 0

JNI global refs memory usage: 835, weak refs: 833

Process memory usage:
Resident Set Size: 364160K (5% of 7239248K total physical memory with 517264K free physical memory)

OOME stack traces (most recent first):
Classloader memory used:
Loader org.gradle.internal.classloader.VisitableURLClassLoader                         : 36518K
Loader bootstrap                                                                       : 25524K
Loader org.gradle.internal.classloader.VisitableURLClassLoader$InstrumentingVisitableURLClassLoader: 17573K
Loader org.gradle.initialization.MixInLegacyTypesClassLoader                           : 10454K
Loader jdk.internal.loader.ClassLoaders$PlatformClassLoader                            : 548K
Loader jdk.internal.loader.ClassLoaders$AppClassLoader                                 : 234K
Loader org.gradle.internal.classloader.VisitableURLClassLoader                         : 170K
Loader jdk.internal.reflect.DelegatingClassLoader                                      : 167K


[error occurred during error reporting (Classloader stats), id 0xe0000001, Out of Memory Error (s\src\hotspot\share\memory\arena.cpp:168)]
---------------  S Y S T E M  ---------------

OS:
 Windows 10 , 64 bit Build 19041 (10.0.19041.7291)
OS uptime: 0 days 9:11 hours

CPU: total 8 (initial active 8) (8 cores per cpu, 2 threads per core) family 23 model 17 stepping 0 microcode 0x0, cx8, cmov, fxsr, ht, mmx, 3dnowpref, sse, sse2, sse3, ssse3, sse4a, sse4.1, sse4.2, popcnt, lzcnt, tsc, tscinvbit, avx, avx2, aes, clmul, bmi1, bmi2, adx, sha, fma, vzeroupper, clflush, clflushopt, rdtscp, f16c
Processor Information for the first 8 processors :
  Max Mhz: 2000, Current Mhz: 2000, Mhz Limit: 2000

Memory: 4k page, system-wide physical 7069M (501M free)
TotalPageFile size 13639M (AvailPageFile size 4M)
current process WorkingSet (physical memory assigned to process): 357M, peak: 359M
current process commit charge ("private bytes"): 396M, peak: 399M

vm_info: OpenJDK 64-Bit Server VM (21.0.6+-13368085-b895.109) for windows-amd64 JRE (21.0.6+-13368085-b895.109), built on 2025-04-16T17:01:31Z by "builder" with MS VC++ 16.10 / 16.11 (VS2019)

END.
